Using pre-set license
Built from '2020.3/staging' branch; Version is '2020.3.6f1 (338bb68529b2) revision 3378102'; Using compiler version '192528614'; Build Type 'Release'
OS: 'Windows 10 Pro; OS build 19042.985; Version 2009; 64bit' Language: 'en' Physical Memory: 16316 MB
BatchMode: 1, IsHumanControllingUs: 0, StartBugReporterOnCrash: 0, Is64bit: 1, IsPro: 0

 COMMAND LINE ARGUMENTS:
H:\Program Files\Unity\2020.3.6f1\Editor\Unity.exe
-adb2
-batchMode
-noUpm
-name
AssetImportWorker0
-projectPath
H:/development/unity/ulima/ULVania
-logFile
Logs/AssetImportWorker0.log
-srvPort
57673
Successfully changed project path to: H:/development/unity/ulima/ULVania
H:/development/unity/ulima/ULVania
Using Asset Import Pipeline V2.
Refreshing native plugins compatible for Editor in 65.21 ms, found 3 plugins.
Preloading 0 native plugins for Editor in 0.00 ms.
Initialize engine version: 2020.3.6f1 (338bb68529b2)
[Subsystems] Discovering subsystems at path H:/Program Files/Unity/2020.3.6f1/Editor/Data/Resources/UnitySubsystems
[Subsystems] Discovering subsystems at path H:/development/unity/ulima/ULVania/Assets
GfxDevice: creating device client; threaded=0
Direct3D:
    Version:  Direct3D 11.0 [level 11.1]
    Renderer: Radeon (TM) RX 480 Graphics (ID=0x67df)
    Vendor:   
    VRAM:     8171 MB
    Driver:   27.20.1034.6
Initialize mono
Mono path[0] = 'H:/Program Files/Unity/2020.3.6f1/Editor/Data/Managed'
Mono path[1] = 'H:/Program Files/Unity/2020.3.6f1/Editor/Data/MonoBleedingEdge/lib/mono/unityjit'
Mono config path = 'H:/Program Files/Unity/2020.3.6f1/Editor/Data/MonoBleedingEdge/etc'
Using monoOptions --debugger-agent=transport=dt_socket,embedding=1,server=y,suspend=n,address=127.0.0.1:56956
Begin MonoManager ReloadAssembly
Registering precompiled unity dll's ...
Register platform support module: H:/Program Files/Unity/2020.3.6f1/Editor/Data/PlaybackEngines/WindowsStandaloneSupport/UnityEditor.WindowsStandalone.Extensions.dll
Registered in 0.001113 seconds.
Native extension for WindowsStandalone target not found
Refreshing native plugins compatible for Editor in 73.55 ms, found 3 plugins.
Preloading 0 native plugins for Editor in 0.00 ms.
Mono: successfully reloaded assembly
- Completed reload, in  1.314 seconds
Platform modules already initialized, skipping
Registering precompiled user dll's ...
Registered in 0.004387 seconds.
Begin MonoManager ReloadAssembly
Native extension for WindowsStandalone target not found
Refreshing native plugins compatible for Editor in 63.93 ms, found 3 plugins.
Preloading 0 native plugins for Editor in 0.00 ms.
Mono: successfully reloaded assembly
- Completed reload, in  3.256 seconds
Platform modules already initialized, skipping
========================================================================
Worker process is ready to serve import requests
Launched and connected shader compiler UnityShaderCompiler.exe after 0.10 seconds
Refreshing native plugins compatible for Editor in 0.97 ms, found 3 plugins.
Preloading 0 native plugins for Editor in 0.00 ms.
Unloading 2232 Unused Serialized files (Serialized files now loaded: 0)
System memory in use before: 97.9 MB.
System memory in use after: 97.8 MB.

Unloading 34 unused Assets to reduce memory usage. Loaded Objects now: 2666.
Total: 2.655000 ms (FindLiveObjects: 0.450700 ms CreateObjectMapping: 0.171400 ms MarkObjects: 1.904800 ms  DeleteObjects: 0.126800 ms)

========================================================================
Received Import Request.
  path: Assets/Scripts/EnemyMovement.cs
  artifactKey: Guid(bdaf8a4d7b5954d4fafd19622be3be40) Importer(815301076,1909f56bfc062723c751e8b465ee728b)
Start importing Assets/Scripts/EnemyMovement.cs using Guid(bdaf8a4d7b5954d4fafd19622be3be40) Importer(815301076,1909f56bfc062723c751e8b465ee728b)  -> (artifact id: 'dd839c4e871498ccebea26bf254e2487') in 0.085316 seconds
  Import took 0.093455 seconds .

========================================================================
Received Prepare
Refreshing native plugins compatible for Editor in 33.08 ms, found 3 plugins.
Preloading 0 native plugins for Editor in 0.00 ms.
Unloading 19 Unused Serialized files (Serialized files now loaded: 0)
System memory in use before: 53.8 MB.
System memory in use after: 53.8 MB.

Unloading 19 unused Assets to reduce memory usage. Loaded Objects now: 2666.
Total: 598.898900 ms (FindLiveObjects: 0.429300 ms CreateObjectMapping: 0.183600 ms MarkObjects: 598.167000 ms  DeleteObjects: 0.116400 ms)

========================================================================
Received Prepare
Registering precompiled user dll's ...
Registered in 0.008742 seconds.
Begin MonoManager ReloadAssembly
Native extension for WindowsStandalone target not found
Refreshing native plugins compatible for Editor in 0.52 ms, found 3 plugins.
Preloading 0 native plugins for Editor in 0.00 ms.
Mono: successfully reloaded assembly
- Completed reload, in  1.327 seconds
Platform modules already initialized, skipping
Refreshing native plugins compatible for Editor in 0.50 ms, found 3 plugins.
Preloading 0 native plugins for Editor in 0.00 ms.
Unloading 2225 Unused Serialized files (Serialized files now loaded: 0)
System memory in use before: 97.7 MB.
System memory in use after: 97.7 MB.

Unloading 22 unused Assets to reduce memory usage. Loaded Objects now: 2670.
Total: 2.782000 ms (FindLiveObjects: 0.392000 ms CreateObjectMapping: 0.253100 ms MarkObjects: 2.012900 ms  DeleteObjects: 0.123000 ms)

========================================================================
Received Prepare
Registering precompiled user dll's ...
Registered in 0.007260 seconds.
Begin MonoManager ReloadAssembly
Native extension for WindowsStandalone target not found
Refreshing native plugins compatible for Editor in 1.79 ms, found 3 plugins.
Preloading 0 native plugins for Editor in 0.00 ms.
Mono: successfully reloaded assembly
- Completed reload, in  1.425 seconds
Platform modules already initialized, skipping
Refreshing native plugins compatible for Editor in 0.49 ms, found 3 plugins.
Preloading 0 native plugins for Editor in 0.00 ms.
Unloading 2225 Unused Serialized files (Serialized files now loaded: 0)
System memory in use before: 97.7 MB.
System memory in use after: 97.7 MB.

Unloading 22 unused Assets to reduce memory usage. Loaded Objects now: 2674.
Total: 2.734400 ms (FindLiveObjects: 0.328400 ms CreateObjectMapping: 0.113600 ms MarkObjects: 2.163600 ms  DeleteObjects: 0.126800 ms)

========================================================================
Received Prepare
Registering precompiled user dll's ...
Registered in 0.003808 seconds.
Begin MonoManager ReloadAssembly
Native extension for WindowsStandalone target not found
Refreshing native plugins compatible for Editor in 0.49 ms, found 3 plugins.
Preloading 0 native plugins for Editor in 0.00 ms.
Mono: successfully reloaded assembly
- Completed reload, in  1.337 seconds
Platform modules already initialized, skipping
Refreshing native plugins compatible for Editor in 0.48 ms, found 3 plugins.
Preloading 0 native plugins for Editor in 0.00 ms.
Unloading 2225 Unused Serialized files (Serialized files now loaded: 0)
System memory in use before: 97.8 MB.
System memory in use after: 97.8 MB.

Unloading 22 unused Assets to reduce memory usage. Loaded Objects now: 2678.
Total: 2.288700 ms (FindLiveObjects: 0.224100 ms CreateObjectMapping: 0.089700 ms MarkObjects: 1.869200 ms  DeleteObjects: 0.104000 ms)

========================================================================
Received Prepare
Registering precompiled user dll's ...
Registered in 0.003496 seconds.
Begin MonoManager ReloadAssembly
Native extension for WindowsStandalone target not found
Refreshing native plugins compatible for Editor in 0.48 ms, found 3 plugins.
Preloading 0 native plugins for Editor in 0.00 ms.
Mono: successfully reloaded assembly
- Completed reload, in  2.049 seconds
Platform modules already initialized, skipping
Refreshing native plugins compatible for Editor in 0.51 ms, found 3 plugins.
Preloading 0 native plugins for Editor in 0.00 ms.
Unloading 2225 Unused Serialized files (Serialized files now loaded: 0)
System memory in use before: 97.8 MB.
System memory in use after: 97.8 MB.

Unloading 22 unused Assets to reduce memory usage. Loaded Objects now: 2682.
Total: 4.541000 ms (FindLiveObjects: 0.670900 ms CreateObjectMapping: 0.283200 ms MarkObjects: 3.445700 ms  DeleteObjects: 0.138200 ms)

========================================================================
Received Prepare
Registering precompiled user dll's ...
Registered in 0.010012 seconds.
Begin MonoManager ReloadAssembly
Native extension for WindowsStandalone target not found
Refreshing native plugins compatible for Editor in 0.48 ms, found 3 plugins.
Preloading 0 native plugins for Editor in 0.00 ms.
Mono: successfully reloaded assembly
- Completed reload, in  1.301 seconds
Platform modules already initialized, skipping
Refreshing native plugins compatible for Editor in 0.46 ms, found 3 plugins.
Preloading 0 native plugins for Editor in 0.00 ms.
Unloading 2225 Unused Serialized files (Serialized files now loaded: 0)
System memory in use before: 97.9 MB.
System memory in use after: 97.8 MB.

Unloading 22 unused Assets to reduce memory usage. Loaded Objects now: 2686.
Total: 2.335200 ms (FindLiveObjects: 0.209600 ms CreateObjectMapping: 0.085700 ms MarkObjects: 1.935500 ms  DeleteObjects: 0.103200 ms)

========================================================================
Received Prepare
Registering precompiled user dll's ...
Registered in 0.003292 seconds.
Begin MonoManager ReloadAssembly
Native extension for WindowsStandalone target not found
Refreshing native plugins compatible for Editor in 0.57 ms, found 3 plugins.
Preloading 0 native plugins for Editor in 0.00 ms.
Mono: successfully reloaded assembly
- Completed reload, in  1.413 seconds
Platform modules already initialized, skipping
Refreshing native plugins compatible for Editor in 0.49 ms, found 3 plugins.
Preloading 0 native plugins for Editor in 0.00 ms.
Unloading 2225 Unused Serialized files (Serialized files now loaded: 0)
System memory in use before: 97.9 MB.
System memory in use after: 97.9 MB.

Unloading 22 unused Assets to reduce memory usage. Loaded Objects now: 2690.
Total: 2.388800 ms (FindLiveObjects: 0.249700 ms CreateObjectMapping: 0.097100 ms MarkObjects: 1.924700 ms  DeleteObjects: 0.116200 ms)

========================================================================
Received Prepare
Registering precompiled user dll's ...
Registered in 0.004352 seconds.
Begin MonoManager ReloadAssembly
Native extension for WindowsStandalone target not found
Refreshing native plugins compatible for Editor in 0.51 ms, found 3 plugins.
Preloading 0 native plugins for Editor in 0.00 ms.
Mono: successfully reloaded assembly
- Completed reload, in  1.418 seconds
Platform modules already initialized, skipping
Refreshing native plugins compatible for Editor in 0.71 ms, found 3 plugins.
Preloading 0 native plugins for Editor in 0.00 ms.
Unloading 2225 Unused Serialized files (Serialized files now loaded: 0)
System memory in use before: 97.8 MB.
System memory in use after: 97.8 MB.

Unloading 22 unused Assets to reduce memory usage. Loaded Objects now: 2694.
Total: 3.254600 ms (FindLiveObjects: 0.314300 ms CreateObjectMapping: 0.131500 ms MarkObjects: 2.679900 ms  DeleteObjects: 0.126800 ms)

========================================================================
Received Prepare
Registering precompiled user dll's ...
Registered in 0.002926 seconds.
Begin MonoManager ReloadAssembly
Native extension for WindowsStandalone target not found
Refreshing native plugins compatible for Editor in 0.46 ms, found 3 plugins.
Preloading 0 native plugins for Editor in 0.00 ms.
Mono: successfully reloaded assembly
- Completed reload, in  1.288 seconds
Platform modules already initialized, skipping
Refreshing native plugins compatible for Editor in 0.47 ms, found 3 plugins.
Preloading 0 native plugins for Editor in 0.00 ms.
Unloading 2225 Unused Serialized files (Serialized files now loaded: 0)
System memory in use before: 97.9 MB.
System memory in use after: 97.9 MB.

Unloading 22 unused Assets to reduce memory usage. Loaded Objects now: 2698.
Total: 9.055900 ms (FindLiveObjects: 2.565100 ms CreateObjectMapping: 2.149600 ms MarkObjects: 4.063600 ms  DeleteObjects: 0.272800 ms)

========================================================================
Received Prepare
Registering precompiled user dll's ...
Registered in 0.003547 seconds.
Begin MonoManager ReloadAssembly
Native extension for WindowsStandalone target not found
Refreshing native plugins compatible for Editor in 0.51 ms, found 3 plugins.
Preloading 0 native plugins for Editor in 0.00 ms.
Mono: successfully reloaded assembly
- Completed reload, in  1.396 seconds
Platform modules already initialized, skipping
Refreshing native plugins compatible for Editor in 0.46 ms, found 3 plugins.
Preloading 0 native plugins for Editor in 0.00 ms.
Unloading 2225 Unused Serialized files (Serialized files now loaded: 0)
System memory in use before: 97.9 MB.
System memory in use after: 97.9 MB.

Unloading 22 unused Assets to reduce memory usage. Loaded Objects now: 2702.
Total: 3.614900 ms (FindLiveObjects: 0.350600 ms CreateObjectMapping: 0.108000 ms MarkObjects: 2.909200 ms  DeleteObjects: 0.244600 ms)

========================================================================
Received Prepare
Registering precompiled user dll's ...
Registered in 0.006038 seconds.
Begin MonoManager ReloadAssembly
Native extension for WindowsStandalone target not found
Refreshing native plugins compatible for Editor in 0.60 ms, found 3 plugins.
Preloading 0 native plugins for Editor in 0.00 ms.
Mono: successfully reloaded assembly
- Completed reload, in  1.289 seconds
Platform modules already initialized, skipping
Refreshing native plugins compatible for Editor in 0.76 ms, found 3 plugins.
Preloading 0 native plugins for Editor in 0.00 ms.
Unloading 2225 Unused Serialized files (Serialized files now loaded: 0)
System memory in use before: 98.0 MB.
System memory in use after: 98.0 MB.

Unloading 22 unused Assets to reduce memory usage. Loaded Objects now: 2706.
Total: 9.710100 ms (FindLiveObjects: 1.061800 ms CreateObjectMapping: 3.018600 ms MarkObjects: 5.499500 ms  DeleteObjects: 0.127200 ms)

========================================================================
Received Prepare
Registering precompiled user dll's ...
Registered in 0.002964 seconds.
Begin MonoManager ReloadAssembly
Native extension for WindowsStandalone target not found
Refreshing native plugins compatible for Editor in 1.80 ms, found 3 plugins.
Preloading 0 native plugins for Editor in 0.00 ms.
Mono: successfully reloaded assembly
- Completed reload, in  1.426 seconds
Platform modules already initialized, skipping
Refreshing native plugins compatible for Editor in 0.49 ms, found 3 plugins.
Preloading 0 native plugins for Editor in 0.00 ms.
Unloading 2225 Unused Serialized files (Serialized files now loaded: 0)
System memory in use before: 98.0 MB.
System memory in use after: 98.0 MB.

Unloading 22 unused Assets to reduce memory usage. Loaded Objects now: 2710.
Total: 2.969500 ms (FindLiveObjects: 0.325900 ms CreateObjectMapping: 0.132300 ms MarkObjects: 2.387700 ms  DeleteObjects: 0.121400 ms)

========================================================================
Received Prepare
Registering precompiled user dll's ...
Registered in 0.003718 seconds.
Begin MonoManager ReloadAssembly
Native extension for WindowsStandalone target not found
Refreshing native plugins compatible for Editor in 0.53 ms, found 3 plugins.
Preloading 0 native plugins for Editor in 0.00 ms.
Mono: successfully reloaded assembly
- Completed reload, in  1.428 seconds
Platform modules already initialized, skipping
Refreshing native plugins compatible for Editor in 0.56 ms, found 3 plugins.
Preloading 0 native plugins for Editor in 0.00 ms.
Unloading 2225 Unused Serialized files (Serialized files now loaded: 0)
System memory in use before: 98.0 MB.
System memory in use after: 98.1 MB.

Unloading 22 unused Assets to reduce memory usage. Loaded Objects now: 2714.
Total: 2.975800 ms (FindLiveObjects: 0.281000 ms CreateObjectMapping: 0.116700 ms MarkObjects: 2.428100 ms  DeleteObjects: 0.148600 ms)

========================================================================
Received Prepare
Registering precompiled user dll's ...
Registered in 0.003430 seconds.
Begin MonoManager ReloadAssembly
Native extension for WindowsStandalone target not found
Refreshing native plugins compatible for Editor in 1.25 ms, found 3 plugins.
Preloading 0 native plugins for Editor in 0.00 ms.
Mono: successfully reloaded assembly
- Completed reload, in  1.620 seconds
Platform modules already initialized, skipping
Refreshing native plugins compatible for Editor in 0.47 ms, found 3 plugins.
Preloading 0 native plugins for Editor in 0.00 ms.
Unloading 2225 Unused Serialized files (Serialized files now loaded: 0)
System memory in use before: 98.0 MB.
System memory in use after: 98.1 MB.

Unloading 22 unused Assets to reduce memory usage. Loaded Objects now: 2718.
Total: 3.019900 ms (FindLiveObjects: 0.243800 ms CreateObjectMapping: 0.140100 ms MarkObjects: 2.509900 ms  DeleteObjects: 0.124600 ms)

========================================================================
Received Prepare
Registering precompiled user dll's ...
Registered in 0.003220 seconds.
Begin MonoManager ReloadAssembly
Native extension for WindowsStandalone target not found
Refreshing native plugins compatible for Editor in 3.25 ms, found 3 plugins.
Preloading 0 native plugins for Editor in 0.00 ms.
Mono: successfully reloaded assembly
- Completed reload, in  1.636 seconds
Platform modules already initialized, skipping
Refreshing native plugins compatible for Editor in 0.47 ms, found 3 plugins.
Preloading 0 native plugins for Editor in 0.00 ms.
Unloading 2225 Unused Serialized files (Serialized files now loaded: 0)
System memory in use before: 98.0 MB.
System memory in use after: 98.1 MB.

Unloading 22 unused Assets to reduce memory usage. Loaded Objects now: 2722.
Total: 9.555600 ms (FindLiveObjects: 0.274200 ms CreateObjectMapping: 3.129500 ms MarkObjects: 6.024500 ms  DeleteObjects: 0.125800 ms)

========================================================================
Received Prepare
Registering precompiled user dll's ...
Registered in 0.005737 seconds.
Begin MonoManager ReloadAssembly
Native extension for WindowsStandalone target not found
Refreshing native plugins compatible for Editor in 0.50 ms, found 3 plugins.
Preloading 0 native plugins for Editor in 0.00 ms.
Mono: successfully reloaded assembly
- Completed reload, in  1.202 seconds
Platform modules already initialized, skipping
Refreshing native plugins compatible for Editor in 0.78 ms, found 3 plugins.
Preloading 0 native plugins for Editor in 0.00 ms.
Unloading 2225 Unused Serialized files (Serialized files now loaded: 0)
System memory in use before: 98.0 MB.
System memory in use after: 98.1 MB.

Unloading 22 unused Assets to reduce memory usage. Loaded Objects now: 2726.
Total: 2.338500 ms (FindLiveObjects: 0.240500 ms CreateObjectMapping: 0.100600 ms MarkObjects: 1.856100 ms  DeleteObjects: 0.139700 ms)

========================================================================
Received Prepare
Registering precompiled user dll's ...
Registered in 0.004129 seconds.
Begin MonoManager ReloadAssembly
Native extension for WindowsStandalone target not found
Refreshing native plugins compatible for Editor in 0.48 ms, found 3 plugins.
Preloading 0 native plugins for Editor in 0.00 ms.
Mono: successfully reloaded assembly
- Completed reload, in  1.309 seconds
Platform modules already initialized, skipping
Refreshing native plugins compatible for Editor in 0.46 ms, found 3 plugins.
Preloading 0 native plugins for Editor in 0.00 ms.
Unloading 2225 Unused Serialized files (Serialized files now loaded: 0)
System memory in use before: 98.1 MB.
System memory in use after: 98.2 MB.

Unloading 22 unused Assets to reduce memory usage. Loaded Objects now: 2730.
Total: 3.249600 ms (FindLiveObjects: 0.298700 ms CreateObjectMapping: 0.136200 ms MarkObjects: 2.638100 ms  DeleteObjects: 0.175100 ms)

========================================================================
Received Prepare
Registering precompiled user dll's ...
Registered in 0.003155 seconds.
Begin MonoManager ReloadAssembly
Native extension for WindowsStandalone target not found
Refreshing native plugins compatible for Editor in 1.32 ms, found 3 plugins.
Preloading 0 native plugins for Editor in 0.00 ms.
Mono: successfully reloaded assembly
- Completed reload, in  1.334 seconds
Platform modules already initialized, skipping
Refreshing native plugins compatible for Editor in 0.65 ms, found 3 plugins.
Preloading 0 native plugins for Editor in 0.00 ms.
Unloading 2225 Unused Serialized files (Serialized files now loaded: 0)
System memory in use before: 98.1 MB.
System memory in use after: 98.2 MB.

Unloading 22 unused Assets to reduce memory usage. Loaded Objects now: 2734.
Total: 11.722000 ms (FindLiveObjects: 0.483600 ms CreateObjectMapping: 0.190000 ms MarkObjects: 8.879500 ms  DeleteObjects: 2.159600 ms)

========================================================================
Received Prepare
Registering precompiled user dll's ...
Registered in 0.003253 seconds.
Begin MonoManager ReloadAssembly
Native extension for WindowsStandalone target not found
Refreshing native plugins compatible for Editor in 0.47 ms, found 3 plugins.
Preloading 0 native plugins for Editor in 0.00 ms.
Mono: successfully reloaded assembly
- Completed reload, in  1.256 seconds
Platform modules already initialized, skipping
Refreshing native plugins compatible for Editor in 0.51 ms, found 3 plugins.
Preloading 0 native plugins for Editor in 0.00 ms.
Unloading 2225 Unused Serialized files (Serialized files now loaded: 0)
System memory in use before: 98.2 MB.
System memory in use after: 98.2 MB.

Unloading 22 unused Assets to reduce memory usage. Loaded Objects now: 2738.
Total: 16.521600 ms (FindLiveObjects: 6.327600 ms CreateObjectMapping: 0.406200 ms MarkObjects: 9.361500 ms  DeleteObjects: 0.421200 ms)

========================================================================
Received Import Request.
  Time since last request: 4717.967615 seconds.
  path: Assets/Scripts/Enemy
  artifactKey: Guid(faa733aaee3afa4459204c471e09fd59) Importer(815301076,1909f56bfc062723c751e8b465ee728b)
Start importing Assets/Scripts/Enemy using Guid(faa733aaee3afa4459204c471e09fd59) Importer(815301076,1909f56bfc062723c751e8b465ee728b)  -> (artifact id: 'de80d460057772128358c3dcef0069ba') in 0.014423 seconds
  Import took 0.027821 seconds .

========================================================================
Received Import Request.
  Time since last request: 14.973089 seconds.
  path: Assets/Scripts/Enemy/EnemyController.cs
  artifactKey: Guid(91d9da2c389338d4bbc9fbdaa5c037fa) Importer(815301076,1909f56bfc062723c751e8b465ee728b)
Start importing Assets/Scripts/Enemy/EnemyController.cs using Guid(91d9da2c389338d4bbc9fbdaa5c037fa) Importer(815301076,1909f56bfc062723c751e8b465ee728b)  -> (artifact id: '56bcd0a46bedac6408ac9da7566122b2') in 0.046245 seconds
  Import took 0.054352 seconds .

========================================================================
Received Prepare
Registering precompiled user dll's ...
Registered in 0.008391 seconds.
Begin MonoManager ReloadAssembly
Native extension for WindowsStandalone target not found
Refreshing native plugins compatible for Editor in 0.60 ms, found 3 plugins.
Preloading 0 native plugins for Editor in 0.00 ms.
Mono: successfully reloaded assembly
- Completed reload, in  1.348 seconds
Platform modules already initialized, skipping
Refreshing native plugins compatible for Editor in 0.46 ms, found 3 plugins.
Preloading 0 native plugins for Editor in 0.00 ms.
Unloading 2226 Unused Serialized files (Serialized files now loaded: 0)
System memory in use before: 98.2 MB.
System memory in use after: 98.3 MB.

Unloading 22 unused Assets to reduce memory usage. Loaded Objects now: 2743.
Total: 2.799100 ms (FindLiveObjects: 0.294600 ms CreateObjectMapping: 0.125900 ms MarkObjects: 2.245200 ms  DeleteObjects: 0.131900 ms)

========================================================================
Received Import Request.
  Time since last request: 18.672491 seconds.
  path: Assets/Scripts/Enemy/EnemyStateMachine.cs
  artifactKey: Guid(382ce760025a629429dc7c886c139aa1) Importer(815301076,1909f56bfc062723c751e8b465ee728b)
Start importing Assets/Scripts/Enemy/EnemyStateMachine.cs using Guid(382ce760025a629429dc7c886c139aa1) Importer(815301076,1909f56bfc062723c751e8b465ee728b)  -> (artifact id: 'd97bb116c530a8b7eece252c2a3e4522') in 0.042916 seconds
  Import took 0.047125 seconds .

========================================================================
Received Prepare
Registering precompiled user dll's ...
Registered in 0.003190 seconds.
Begin MonoManager ReloadAssembly
Native extension for WindowsStandalone target not found
Refreshing native plugins compatible for Editor in 0.75 ms, found 3 plugins.
Preloading 0 native plugins for Editor in 0.00 ms.
Mono: successfully reloaded assembly
- Completed reload, in  1.383 seconds
Platform modules already initialized, skipping
Refreshing native plugins compatible for Editor in 0.60 ms, found 3 plugins.
Preloading 0 native plugins for Editor in 0.00 ms.
Unloading 2227 Unused Serialized files (Serialized files now loaded: 0)
System memory in use before: 98.1 MB.
System memory in use after: 98.2 MB.

Unloading 22 unused Assets to reduce memory usage. Loaded Objects now: 2748.
Total: 3.120100 ms (FindLiveObjects: 0.373900 ms CreateObjectMapping: 0.115600 ms MarkObjects: 2.499800 ms  DeleteObjects: 0.129300 ms)

========================================================================
Received Import Request.
  Time since last request: 13.313250 seconds.
  path: Assets/Scripts/Enemy/EnemyState.cs
  artifactKey: Guid(bc0051a9c417f2943a635907a11dc21f) Importer(815301076,1909f56bfc062723c751e8b465ee728b)
Start importing Assets/Scripts/Enemy/EnemyState.cs using Guid(bc0051a9c417f2943a635907a11dc21f) Importer(815301076,1909f56bfc062723c751e8b465ee728b)  -> (artifact id: '7c588ba730cfb19d286767c8a6bfaa09') in 0.030682 seconds
  Import took 0.150946 seconds .

========================================================================
Received Import Request.
  Time since last request: 8.703755 seconds.
  path: Assets/Scripts/Enemy/states
  artifactKey: Guid(efae30181c34206478c44917da735d44) Importer(815301076,1909f56bfc062723c751e8b465ee728b)
Start importing Assets/Scripts/Enemy/states using Guid(efae30181c34206478c44917da735d44) Importer(815301076,1909f56bfc062723c751e8b465ee728b)  -> (artifact id: 'c1af93c7a329332e6f3d7e867e43450a') in 0.021247 seconds
  Import took 0.034670 seconds .

========================================================================
Received Import Request.
  Time since last request: 8.603306 seconds.
  path: Assets/Scripts/Enemy/States
  artifactKey: Guid(efae30181c34206478c44917da735d44) Importer(815301076,1909f56bfc062723c751e8b465ee728b)
Start importing Assets/Scripts/Enemy/States using Guid(efae30181c34206478c44917da735d44) Importer(815301076,1909f56bfc062723c751e8b465ee728b)  -> (artifact id: 'c65eb8444d0becda7d0592c0027cab81') in 0.032573 seconds
  Import took 0.039589 seconds .

========================================================================
Received Import Request.
  Time since last request: 15.415026 seconds.
  path: Assets/Scripts/Enemy/States/SpawningState.cs
  artifactKey: Guid(03da49bc061b95547aff7e5a338068cd) Importer(815301076,1909f56bfc062723c751e8b465ee728b)
Start importing Assets/Scripts/Enemy/States/SpawningState.cs using Guid(03da49bc061b95547aff7e5a338068cd) Importer(815301076,1909f56bfc062723c751e8b465ee728b)  -> (artifact id: '9052ccb3675f91ce08dd201304615992') in 0.023760 seconds
  Import took 0.383666 seconds .

========================================================================
Received Import Request.
  Time since last request: 8.321292 seconds.
  path: Assets/Scripts/Enemy/States/WalkingState.cs
  artifactKey: Guid(89aeadca0c1f1cf4e8a7ae45629d4cf8) Importer(815301076,1909f56bfc062723c751e8b465ee728b)
Start importing Assets/Scripts/Enemy/States/WalkingState.cs using Guid(89aeadca0c1f1cf4e8a7ae45629d4cf8) Importer(815301076,1909f56bfc062723c751e8b465ee728b)  -> (artifact id: '1efd5a7ce2f9e8909e68922da5b3e9a8') in 0.057586 seconds
  Import took 0.089928 seconds .

========================================================================
Received Import Request.
  Time since last request: 6.828704 seconds.
  path: Assets/Scripts/Enemy/States/DyingState.cs
  artifactKey: Guid(570cd29211dd67d41bc42b68436b5e91) Importer(815301076,1909f56bfc062723c751e8b465ee728b)
Start importing Assets/Scripts/Enemy/States/DyingState.cs using Guid(570cd29211dd67d41bc42b68436b5e91) Importer(815301076,1909f56bfc062723c751e8b465ee728b)  -> (artifact id: 'b660677fc1ae00c3f4dc5eafbccc768b') in 0.017314 seconds
  Import took 0.050991 seconds .

========================================================================
Received Prepare
Registering precompiled user dll's ...
Registered in 0.003353 seconds.
Begin MonoManager ReloadAssembly
Native extension for WindowsStandalone target not found
Refreshing native plugins compatible for Editor in 0.77 ms, found 3 plugins.
Preloading 0 native plugins for Editor in 0.00 ms.
Mono: successfully reloaded assembly
- Completed reload, in  1.548 seconds
Platform modules already initialized, skipping
Refreshing native plugins compatible for Editor in 0.52 ms, found 3 plugins.
Preloading 0 native plugins for Editor in 0.00 ms.
Unloading 2231 Unused Serialized files (Serialized files now loaded: 0)
System memory in use before: 98.3 MB.
System memory in use after: 98.4 MB.

Unloading 22 unused Assets to reduce memory usage. Loaded Objects now: 2756.
Total: 2.534600 ms (FindLiveObjects: 0.233000 ms CreateObjectMapping: 0.098600 ms MarkObjects: 1.950600 ms  DeleteObjects: 0.250900 ms)

========================================================================
Received Import Request.
  Time since last request: 603.159501 seconds.
  path: Assets/Scripts/Enemy/EnemyState.cs
  artifactKey: Guid(bc0051a9c417f2943a635907a11dc21f) Importer(815301076,1909f56bfc062723c751e8b465ee728b)
Start importing Assets/Scripts/Enemy/EnemyState.cs using Guid(bc0051a9c417f2943a635907a11dc21f) Importer(815301076,1909f56bfc062723c751e8b465ee728b)  -> (artifact id: '090f067c33d0ab1c20318d1baab3cf21') in 0.007588 seconds
  Import took 0.012882 seconds .

========================================================================
Received Prepare
Registering precompiled user dll's ...
Registered in 0.024332 seconds.
Begin MonoManager ReloadAssembly
Native extension for WindowsStandalone target not found
Refreshing native plugins compatible for Editor in 0.48 ms, found 3 plugins.
Preloading 0 native plugins for Editor in 0.00 ms.
Mono: successfully reloaded assembly
- Completed reload, in  1.413 seconds
Platform modules already initialized, skipping
Refreshing native plugins compatible for Editor in 0.48 ms, found 3 plugins.
Preloading 0 native plugins for Editor in 0.00 ms.
Unloading 2231 Unused Serialized files (Serialized files now loaded: 0)
System memory in use before: 98.3 MB.
System memory in use after: 98.4 MB.

Unloading 22 unused Assets to reduce memory usage. Loaded Objects now: 2760.
Total: 2.428300 ms (FindLiveObjects: 0.262000 ms CreateObjectMapping: 0.109300 ms MarkObjects: 1.945900 ms  DeleteObjects: 0.109800 ms)

========================================================================
Received Import Request.
  Time since last request: 677.935907 seconds.
  path: Assets/Scripts/Enemy/States/WalkingState.cs
  artifactKey: Guid(89aeadca0c1f1cf4e8a7ae45629d4cf8) Importer(815301076,1909f56bfc062723c751e8b465ee728b)
Start importing Assets/Scripts/Enemy/States/WalkingState.cs using Guid(89aeadca0c1f1cf4e8a7ae45629d4cf8) Importer(815301076,1909f56bfc062723c751e8b465ee728b)  -> (artifact id: '9ef90c449b1cc1039702cc449393a07d') in 0.006143 seconds
  Import took 0.010971 seconds .

========================================================================
Received Prepare
Registering precompiled user dll's ...
Registered in 0.003000 seconds.
Begin MonoManager ReloadAssembly
Native extension for WindowsStandalone target not found
Refreshing native plugins compatible for Editor in 0.52 ms, found 3 plugins.
Preloading 0 native plugins for Editor in 0.00 ms.
Mono: successfully reloaded assembly
- Completed reload, in  1.377 seconds
Platform modules already initialized, skipping
Refreshing native plugins compatible for Editor in 0.54 ms, found 3 plugins.
Preloading 0 native plugins for Editor in 0.00 ms.
Unloading 2231 Unused Serialized files (Serialized files now loaded: 0)
System memory in use before: 98.3 MB.
System memory in use after: 98.4 MB.

Unloading 22 unused Assets to reduce memory usage. Loaded Objects now: 2764.
Total: 3.970000 ms (FindLiveObjects: 0.291500 ms CreateObjectMapping: 0.163300 ms MarkObjects: 3.374700 ms  DeleteObjects: 0.138500 ms)

========================================================================
Received Import Request.
  Time since last request: 1346.615180 seconds.
  path: Assets/Scripts/Enemy/EnemyStateMachine.cs
  artifactKey: Guid(382ce760025a629429dc7c886c139aa1) Importer(815301076,1909f56bfc062723c751e8b465ee728b)
Start importing Assets/Scripts/Enemy/EnemyStateMachine.cs using Guid(382ce760025a629429dc7c886c139aa1) Importer(815301076,1909f56bfc062723c751e8b465ee728b)  -> (artifact id: 'ee183754e03f8508526e16c190ac30ee') in 0.005767 seconds
  Import took 0.010478 seconds .

========================================================================
Received Prepare
Registering precompiled user dll's ...
Registered in 0.008733 seconds.
Begin MonoManager ReloadAssembly
Native extension for WindowsStandalone target not found
Refreshing native plugins compatible for Editor in 0.52 ms, found 3 plugins.
Preloading 0 native plugins for Editor in 0.00 ms.
Mono: successfully reloaded assembly
- Completed reload, in  1.770 seconds
Platform modules already initialized, skipping
Refreshing native plugins compatible for Editor in 0.47 ms, found 3 plugins.
Preloading 0 native plugins for Editor in 0.00 ms.
Unloading 2231 Unused Serialized files (Serialized files now loaded: 0)
System memory in use before: 98.3 MB.
System memory in use after: 98.4 MB.

Unloading 22 unused Assets to reduce memory usage. Loaded Objects now: 2768.
Total: 5.704900 ms (FindLiveObjects: 1.004600 ms CreateObjectMapping: 0.306000 ms MarkObjects: 4.271200 ms  DeleteObjects: 0.120500 ms)

