Using pre-set license
Built from '2020.2/staging' branch; Version is '2020.2.5f1 (e2c53f129de5) revision 14861631'; Using compiler version '192528614'; Build Type 'Release'
OS: 'Windows 10 Pro; OS build 19041.985; Version 2004; 64bit' Language: 'es' Physical Memory: 16326 MB
BatchMode: 1, IsHumanControllingUs: 0, StartBugReporterOnCrash: 0, Is64bit: 1, IsPro: 0

 COMMAND LINE ARGUMENTS:
C:\Program Files\Unity\Hub\Editor\2020.2.5f1\Editor\Unity.exe
-adb2
-batchMode
-noUpm
-name
AssetImportWorker1
-projectPath
D:/Alexis/Desktop/Clases Unity/Clases Ulima/Semana 5/Nueva carpeta/ulvania-20211
-logFile
Logs/AssetImportWorker1.log
-srvPort
63164
Successfully changed project path to: D:/Alexis/Desktop/Clases Unity/Clases Ulima/Semana 5/Nueva carpeta/ulvania-20211
D:/Alexis/Desktop/Clases Unity/Clases Ulima/Semana 5/Nueva carpeta/ulvania-20211
Using Asset Import Pipeline V2.
Refreshing native plugins compatible for Editor in 40.95 ms, found 3 plugins.
Preloading 0 native plugins for Editor in 0.00 ms.
Initialize engine version: 2020.2.5f1 (e2c53f129de5)
[Subsystems] Discovering subsystems at path C:/Program Files/Unity/Hub/Editor/2020.2.5f1/Editor/Data/Resources/UnitySubsystems
[Subsystems] Discovering subsystems at path D:/Alexis/Desktop/Clases Unity/Clases Ulima/Semana 5/Nueva carpeta/ulvania-20211/Assets
GfxDevice: creating device client; threaded=0
Direct3D:
    Version:  Direct3D 11.0 [level 11.1]
    Renderer: NVIDIA GeForce GTX 1660 Ti (ID=0x2182)
    Vendor:   
    VRAM:     5991 MB
    Driver:   27.21.14.6140
Initialize mono
Mono path[0] = 'C:/Program Files/Unity/Hub/Editor/2020.2.5f1/Editor/Data/Managed'
Mono path[1] = 'C:/Program Files/Unity/Hub/Editor/2020.2.5f1/Editor/Data/MonoBleedingEdge/lib/mono/unityjit'
Mono config path = 'C:/Program Files/Unity/Hub/Editor/2020.2.5f1/Editor/Data/MonoBleedingEdge/etc'
Using monoOptions --debugger-agent=transport=dt_socket,embedding=1,server=y,suspend=n,address=127.0.0.1:56804
Begin MonoManager ReloadAssembly
Registering precompiled unity dll's ...
Register platform support module: C:/Program Files/Unity/Hub/Editor/2020.2.5f1/Editor/Data/PlaybackEngines/WindowsStandaloneSupport/UnityEditor.WindowsStandalone.Extensions.dll
Registered in 0.001786 seconds.
Native extension for WindowsStandalone target not found
Refreshing native plugins compatible for Editor in 42.33 ms, found 3 plugins.
Preloading 0 native plugins for Editor in 0.00 ms.
Invoked RoslynAnalysisRunner static constructor.
RoslynAnalysisRunner will not be running.
RoslynAnalysisRunner has terminated.
Mono: successfully reloaded assembly
- Completed reload, in  2.489 seconds
Platform modules already initialized, skipping
Registering precompiled user dll's ...
Registered in 0.004105 seconds.
Begin MonoManager ReloadAssembly
Native extension for WindowsStandalone target not found
Refreshing native plugins compatible for Editor in 39.90 ms, found 3 plugins.
Preloading 0 native plugins for Editor in 0.00 ms.
Invoked RoslynAnalysisRunner static constructor.
RoslynAnalysisRunner will not be running.
RoslynAnalysisRunner has terminated.
Mono: successfully reloaded assembly
- Completed reload, in  1.093 seconds
Platform modules already initialized, skipping
========================================================================
Worker process is ready to serve import requests
Launched and connected shader compiler UnityShaderCompiler.exe after 0.12 seconds
Refreshing native plugins compatible for Editor in 0.43 ms, found 3 plugins.
Preloading 0 native plugins for Editor in 0.00 ms.
Unloading 2246 Unused Serialized files (Serialized files now loaded: 0)
System memory in use before: 98.6 MB.
System memory in use after: 98.6 MB.

Unloading 29 unused Assets to reduce memory usage. Loaded Objects now: 2685.
Total: 2.174300 ms (FindLiveObjects: 0.296000 ms CreateObjectMapping: 0.118500 ms MarkObjects: 1.697400 ms  DeleteObjects: 0.061600 ms)

========================================================================
Received Import Request.
  path: Assets/Gothicvania Cemetery Artwork/Scenes/Escena1.unity
  artifactKey: Guid(2cda990e2423bbf4892e6590ba056729) Importer(815301076,1909f56bfc062723c751e8b465ee728b)
Start importing Assets/Gothicvania Cemetery Artwork/Scenes/Escena1.unity using Guid(2cda990e2423bbf4892e6590ba056729) Importer(815301076,1909f56bfc062723c751e8b465ee728b)  -> (artifact id: 'a06574f6ef10a57674ecee805dda208b') in 0.015757 seconds
  Import took 0.018871 seconds .

========================================================================
Received Import Request.
  Time since last request: 0.000262 seconds.
  path: Assets/Gothicvania Cemetery Artwork/Scenes/Boss.unity
  artifactKey: Guid(2fbce3c7de20c87458cf84f406b36d0a) Importer(815301076,1909f56bfc062723c751e8b465ee728b)
Start importing Assets/Gothicvania Cemetery Artwork/Scenes/Boss.unity using Guid(2fbce3c7de20c87458cf84f406b36d0a) Importer(815301076,1909f56bfc062723c751e8b465ee728b)  -> (artifact id: '68284fcb773e386b09f47541a29ceff5') in 0.015417 seconds
  Import took 0.028034 seconds .

========================================================================
Received Import Request.
  Time since last request: 26.486046 seconds.
  path: Assets/Gothicvania Cemetery Artwork/Scenes/Boss.unity
  artifactKey: Guid(2fbce3c7de20c87458cf84f406b36d0a) Importer(815301076,1909f56bfc062723c751e8b465ee728b)
Start importing Assets/Gothicvania Cemetery Artwork/Scenes/Boss.unity using Guid(2fbce3c7de20c87458cf84f406b36d0a) Importer(815301076,1909f56bfc062723c751e8b465ee728b)  -> (artifact id: '0ee2743fb915d9138fd80e497af1d93a') in 0.002799 seconds
  Import took 0.028307 seconds .

========================================================================
Received Import Request.
  Time since last request: 35.558240 seconds.
  path: Assets/Gothicvania Cemetery Artwork/Scenes/Boss.unity
  artifactKey: Guid(2fbce3c7de20c87458cf84f406b36d0a) Importer(815301076,1909f56bfc062723c751e8b465ee728b)
Start importing Assets/Gothicvania Cemetery Artwork/Scenes/Boss.unity using Guid(2fbce3c7de20c87458cf84f406b36d0a) Importer(815301076,1909f56bfc062723c751e8b465ee728b)  -> (artifact id: '1b82dd28e1e0f04cc17702a2022c4ead') in 0.003298 seconds
  Import took 0.007021 seconds .

========================================================================
Received Import Request.
  Time since last request: 89.459075 seconds.
  path: Assets/Gothicvania Cemetery Artwork/Scenes/Boss.unity
  artifactKey: Guid(2fbce3c7de20c87458cf84f406b36d0a) Importer(815301076,1909f56bfc062723c751e8b465ee728b)
Start importing Assets/Gothicvania Cemetery Artwork/Scenes/Boss.unity using Guid(2fbce3c7de20c87458cf84f406b36d0a) Importer(815301076,1909f56bfc062723c751e8b465ee728b)  -> (artifact id: '489b2a00a11c7da30f906efab94e04de') in 0.003113 seconds
  Import took 0.087160 seconds .

========================================================================
Received Prepare
Registering precompiled user dll's ...
Registered in 0.004012 seconds.
Begin MonoManager ReloadAssembly
Native extension for WindowsStandalone target not found
Refreshing native plugins compatible for Editor in 0.48 ms, found 3 plugins.
Preloading 0 native plugins for Editor in 0.00 ms.
Invoked RoslynAnalysisRunner static constructor.
RoslynAnalysisRunner will not be running.
RoslynAnalysisRunner has terminated.
Mono: successfully reloaded assembly
- Completed reload, in  0.938 seconds
Platform modules already initialized, skipping
Refreshing native plugins compatible for Editor in 0.44 ms, found 3 plugins.
Preloading 0 native plugins for Editor in 0.00 ms.
Unloading 2234 Unused Serialized files (Serialized files now loaded: 0)
System memory in use before: 98.1 MB.
System memory in use after: 98.3 MB.

Unloading 17 unused Assets to reduce memory usage. Loaded Objects now: 2689.
Total: 2.018700 ms (FindLiveObjects: 0.179500 ms CreateObjectMapping: 0.071100 ms MarkObjects: 1.752000 ms  DeleteObjects: 0.015500 ms)

========================================================================
Received Prepare
Registering precompiled user dll's ...
Registered in 0.004085 seconds.
Begin MonoManager ReloadAssembly
Native extension for WindowsStandalone target not found
Refreshing native plugins compatible for Editor in 0.49 ms, found 3 plugins.
Preloading 0 native plugins for Editor in 0.00 ms.
Invoked RoslynAnalysisRunner static constructor.
RoslynAnalysisRunner will not be running.
RoslynAnalysisRunner has terminated.
Mono: successfully reloaded assembly
- Completed reload, in  0.929 seconds
Platform modules already initialized, skipping
Refreshing native plugins compatible for Editor in 0.47 ms, found 3 plugins.
Preloading 0 native plugins for Editor in 0.00 ms.
Unloading 2234 Unused Serialized files (Serialized files now loaded: 0)
System memory in use before: 98.2 MB.
System memory in use after: 98.3 MB.

Unloading 17 unused Assets to reduce memory usage. Loaded Objects now: 2693.
Total: 2.175800 ms (FindLiveObjects: 0.214600 ms CreateObjectMapping: 0.098600 ms MarkObjects: 1.842900 ms  DeleteObjects: 0.018700 ms)

========================================================================
Received Prepare
Registering precompiled user dll's ...
Registered in 0.003872 seconds.
Begin MonoManager ReloadAssembly
Native extension for WindowsStandalone target not found
Refreshing native plugins compatible for Editor in 0.45 ms, found 3 plugins.
Preloading 0 native plugins for Editor in 0.00 ms.
Invoked RoslynAnalysisRunner static constructor.
RoslynAnalysisRunner will not be running.
RoslynAnalysisRunner has terminated.
Mono: successfully reloaded assembly
- Completed reload, in  0.911 seconds
Platform modules already initialized, skipping
Refreshing native plugins compatible for Editor in 0.48 ms, found 3 plugins.
Preloading 0 native plugins for Editor in 0.00 ms.
Unloading 2234 Unused Serialized files (Serialized files now loaded: 0)
System memory in use before: 98.2 MB.
System memory in use after: 98.3 MB.

Unloading 17 unused Assets to reduce memory usage. Loaded Objects now: 2697.
Total: 2.196100 ms (FindLiveObjects: 0.268500 ms CreateObjectMapping: 0.092500 ms MarkObjects: 1.817000 ms  DeleteObjects: 0.016800 ms)

========================================================================
Received Prepare
Registering precompiled user dll's ...
Registered in 0.003874 seconds.
Begin MonoManager ReloadAssembly
Native extension for WindowsStandalone target not found
Refreshing native plugins compatible for Editor in 0.57 ms, found 3 plugins.
Preloading 0 native plugins for Editor in 0.00 ms.
Invoked RoslynAnalysisRunner static constructor.
RoslynAnalysisRunner will not be running.
RoslynAnalysisRunner has terminated.
Mono: successfully reloaded assembly
- Completed reload, in  0.924 seconds
Platform modules already initialized, skipping
Refreshing native plugins compatible for Editor in 0.48 ms, found 3 plugins.
Preloading 0 native plugins for Editor in 0.00 ms.
Unloading 2234 Unused Serialized files (Serialized files now loaded: 0)
System memory in use before: 98.2 MB.
System memory in use after: 98.4 MB.

Unloading 17 unused Assets to reduce memory usage. Loaded Objects now: 2701.
Total: 2.169700 ms (FindLiveObjects: 0.218100 ms CreateObjectMapping: 0.096800 ms MarkObjects: 1.837000 ms  DeleteObjects: 0.017100 ms)

========================================================================
Received Prepare
Registering precompiled user dll's ...
Registered in 0.004022 seconds.
Begin MonoManager ReloadAssembly
Native extension for WindowsStandalone target not found
Refreshing native plugins compatible for Editor in 0.55 ms, found 3 plugins.
Preloading 0 native plugins for Editor in 0.00 ms.
Invoked RoslynAnalysisRunner static constructor.
RoslynAnalysisRunner will not be running.
RoslynAnalysisRunner has terminated.
Mono: successfully reloaded assembly
- Completed reload, in  0.909 seconds
Platform modules already initialized, skipping
Refreshing native plugins compatible for Editor in 0.52 ms, found 3 plugins.
Preloading 0 native plugins for Editor in 0.00 ms.
Unloading 2234 Unused Serialized files (Serialized files now loaded: 0)
System memory in use before: 98.2 MB.
System memory in use after: 98.3 MB.

Unloading 17 unused Assets to reduce memory usage. Loaded Objects now: 2705.
Total: 2.124400 ms (FindLiveObjects: 0.187800 ms CreateObjectMapping: 0.080900 ms MarkObjects: 1.838200 ms  DeleteObjects: 0.016700 ms)

========================================================================
Received Import Request.
  Time since last request: 675.284981 seconds.
  path: Assets/Gothicvania Cemetery Artwork/Scenes/Boss.unity
  artifactKey: Guid(2fbce3c7de20c87458cf84f406b36d0a) Importer(815301076,1909f56bfc062723c751e8b465ee728b)
Start importing Assets/Gothicvania Cemetery Artwork/Scenes/Boss.unity using Guid(2fbce3c7de20c87458cf84f406b36d0a) Importer(815301076,1909f56bfc062723c751e8b465ee728b)  -> (artifact id: '97a4a59db8b6d4bbb994cc4210828583') in 0.013949 seconds
  Import took 0.417321 seconds .

========================================================================
Received Prepare
Registering precompiled user dll's ...
Registered in 0.004355 seconds.
Begin MonoManager ReloadAssembly
Native extension for WindowsStandalone target not found
Refreshing native plugins compatible for Editor in 0.47 ms, found 3 plugins.
Preloading 0 native plugins for Editor in 0.00 ms.
Invoked RoslynAnalysisRunner static constructor.
RoslynAnalysisRunner will not be running.
RoslynAnalysisRunner has terminated.
Mono: successfully reloaded assembly
- Completed reload, in  0.932 seconds
Platform modules already initialized, skipping
Refreshing native plugins compatible for Editor in 0.44 ms, found 3 plugins.
Preloading 0 native plugins for Editor in 0.00 ms.
Unloading 2234 Unused Serialized files (Serialized files now loaded: 0)
System memory in use before: 98.3 MB.
System memory in use after: 98.4 MB.

Unloading 17 unused Assets to reduce memory usage. Loaded Objects now: 2709.
Total: 2.011100 ms (FindLiveObjects: 0.250400 ms CreateObjectMapping: 0.089000 ms MarkObjects: 1.651900 ms  DeleteObjects: 0.018900 ms)

========================================================================
Received Import Request.
  Time since last request: 650.146928 seconds.
  path: Assets/Gothicvania Cemetery Artwork/Environment/mountains.png
  artifactKey: Guid(392218c362ae54f0f95bcafd5379defd) Importer(815301076,1909f56bfc062723c751e8b465ee728b)
Start importing Assets/Gothicvania Cemetery Artwork/Environment/mountains.png using Guid(392218c362ae54f0f95bcafd5379defd) Importer(815301076,1909f56bfc062723c751e8b465ee728b)  -> (artifact id: 'cc9de2350247881febf714ce5b21e559') in 0.139999 seconds
  Import took 0.158133 seconds .

========================================================================
Received Import Request.
  Time since last request: 17.650319 seconds.
  path: Assets/Gothicvania Cemetery Artwork/Environment/mountains.png
  artifactKey: Guid(392218c362ae54f0f95bcafd5379defd) Importer(815301076,1909f56bfc062723c751e8b465ee728b)
Start importing Assets/Gothicvania Cemetery Artwork/Environment/mountains.png using Guid(392218c362ae54f0f95bcafd5379defd) Importer(815301076,1909f56bfc062723c751e8b465ee728b)  -> (artifact id: '7befef81733aa30e7d23b780a569cdad') in 0.022558 seconds
  Import took 0.071815 seconds .

========================================================================
Received Import Request.
  Time since last request: 6.490842 seconds.
  path: Assets/Gothicvania Cemetery Artwork/Scenes/Escena1.unity
  artifactKey: Guid(2cda990e2423bbf4892e6590ba056729) Importer(815301076,1909f56bfc062723c751e8b465ee728b)
Start importing Assets/Gothicvania Cemetery Artwork/Scenes/Escena1.unity using Guid(2cda990e2423bbf4892e6590ba056729) Importer(815301076,1909f56bfc062723c751e8b465ee728b)  -> (artifact id: '5f4c77eefb788747cd53217f45873f18') in 0.003692 seconds
  Import took 0.048882 seconds .

========================================================================
Received Import Request.
  Time since last request: 1.346016 seconds.
  path: Assets/Gothicvania Cemetery Artwork/Scenes/Escena1.unity
  artifactKey: Guid(2cda990e2423bbf4892e6590ba056729) Importer(815301076,1909f56bfc062723c751e8b465ee728b)
Start importing Assets/Gothicvania Cemetery Artwork/Scenes/Escena1.unity using Guid(2cda990e2423bbf4892e6590ba056729) Importer(815301076,1909f56bfc062723c751e8b465ee728b)  -> (artifact id: 'e25d21d8ab978e802d383d0231804fd6') in 0.003292 seconds
  Import took 0.006993 seconds .

========================================================================
Received Import Request.
  Time since last request: 0.515486 seconds.
  path: Assets/Gothicvania Cemetery Artwork/Scenes/Boss.unity
  artifactKey: Guid(2fbce3c7de20c87458cf84f406b36d0a) Importer(815301076,1909f56bfc062723c751e8b465ee728b)
Start importing Assets/Gothicvania Cemetery Artwork/Scenes/Boss.unity using Guid(2fbce3c7de20c87458cf84f406b36d0a) Importer(815301076,1909f56bfc062723c751e8b465ee728b)  -> (artifact id: 'fb1015a5b86797767e6f83bd1b0cdfc1') in 0.002656 seconds
  Import took 0.006896 seconds .

========================================================================
Received Import Request.
  Time since last request: 215.040228 seconds.
  path: Assets/Gothicvania Cemetery Artwork/Scenes/Boss.unity
  artifactKey: Guid(2fbce3c7de20c87458cf84f406b36d0a) Importer(815301076,1909f56bfc062723c751e8b465ee728b)
Start importing Assets/Gothicvania Cemetery Artwork/Scenes/Boss.unity using Guid(2fbce3c7de20c87458cf84f406b36d0a) Importer(815301076,1909f56bfc062723c751e8b465ee728b)  -> (artifact id: 'dd1b9a61829688658a26c744d0fae75d') in 0.003060 seconds
  Import took 0.019837 seconds .

========================================================================
Received Prepare
Registering precompiled user dll's ...
Registered in 0.003778 seconds.
Begin MonoManager ReloadAssembly
Native extension for WindowsStandalone target not found
Refreshing native plugins compatible for Editor in 0.48 ms, found 3 plugins.
Preloading 0 native plugins for Editor in 0.00 ms.
Invoked RoslynAnalysisRunner static constructor.
RoslynAnalysisRunner will not be running.
RoslynAnalysisRunner has terminated.
Mono: successfully reloaded assembly
- Completed reload, in  0.951 seconds
Platform modules already initialized, skipping
Refreshing native plugins compatible for Editor in 0.45 ms, found 3 plugins.
Preloading 0 native plugins for Editor in 0.00 ms.
Unloading 2234 Unused Serialized files (Serialized files now loaded: 0)
System memory in use before: 101.4 MB.
System memory in use after: 101.6 MB.

Unloading 17 unused Assets to reduce memory usage. Loaded Objects now: 2719.
Total: 2.116000 ms (FindLiveObjects: 0.209400 ms CreateObjectMapping: 0.093100 ms MarkObjects: 1.796200 ms  DeleteObjects: 0.015900 ms)

========================================================================
Received Import Request.
  Time since last request: 83.507261 seconds.
  path: Assets/Gothicvania Cemetery Artwork/Scenes/Boss.unity
  artifactKey: Guid(2fbce3c7de20c87458cf84f406b36d0a) Importer(815301076,1909f56bfc062723c751e8b465ee728b)
Start importing Assets/Gothicvania Cemetery Artwork/Scenes/Boss.unity using Guid(2fbce3c7de20c87458cf84f406b36d0a) Importer(815301076,1909f56bfc062723c751e8b465ee728b)  -> (artifact id: '64d4794a2f8b21d8e53fecdc561dae33') in 0.012577 seconds
  Import took 0.016076 seconds .

========================================================================
Received Prepare
Registering precompiled user dll's ...
Registered in 0.003878 seconds.
Begin MonoManager ReloadAssembly
Native extension for WindowsStandalone target not found
Refreshing native plugins compatible for Editor in 0.54 ms, found 3 plugins.
Preloading 0 native plugins for Editor in 0.00 ms.
Invoked RoslynAnalysisRunner static constructor.
RoslynAnalysisRunner will not be running.
RoslynAnalysisRunner has terminated.
Mono: successfully reloaded assembly
- Completed reload, in  0.912 seconds
Platform modules already initialized, skipping
Refreshing native plugins compatible for Editor in 0.44 ms, found 3 plugins.
Preloading 0 native plugins for Editor in 0.00 ms.
Unloading 2234 Unused Serialized files (Serialized files now loaded: 0)
System memory in use before: 101.4 MB.
System memory in use after: 101.6 MB.

Unloading 17 unused Assets to reduce memory usage. Loaded Objects now: 2723.
Total: 2.156800 ms (FindLiveObjects: 0.207300 ms CreateObjectMapping: 0.099100 ms MarkObjects: 1.833500 ms  DeleteObjects: 0.016000 ms)

========================================================================
Received Prepare
Registering precompiled user dll's ...
Registered in 0.003639 seconds.
Begin MonoManager ReloadAssembly
Native extension for WindowsStandalone target not found
Refreshing native plugins compatible for Editor in 0.45 ms, found 3 plugins.
Preloading 0 native plugins for Editor in 0.00 ms.
Invoked RoslynAnalysisRunner static constructor.
RoslynAnalysisRunner will not be running.
RoslynAnalysisRunner has terminated.
Mono: successfully reloaded assembly
- Completed reload, in  0.921 seconds
Platform modules already initialized, skipping
Refreshing native plugins compatible for Editor in 0.44 ms, found 3 plugins.
Preloading 0 native plugins for Editor in 0.00 ms.
Unloading 2234 Unused Serialized files (Serialized files now loaded: 0)
System memory in use before: 101.5 MB.
System memory in use after: 101.7 MB.

Unloading 17 unused Assets to reduce memory usage. Loaded Objects now: 2727.
Total: 2.112600 ms (FindLiveObjects: 0.203500 ms CreateObjectMapping: 0.094000 ms MarkObjects: 1.798900 ms  DeleteObjects: 0.015400 ms)

========================================================================
Received Import Request.
  Time since last request: 62.369171 seconds.
  path: Assets/Gothicvania Cemetery Artwork/Scenes/Boss.unity
  artifactKey: Guid(2fbce3c7de20c87458cf84f406b36d0a) Importer(815301076,1909f56bfc062723c751e8b465ee728b)
Start importing Assets/Gothicvania Cemetery Artwork/Scenes/Boss.unity using Guid(2fbce3c7de20c87458cf84f406b36d0a) Importer(815301076,1909f56bfc062723c751e8b465ee728b)  -> (artifact id: 'c65f190cfcef6b34d25d9dbb8a080b0c') in 0.013055 seconds
  Import took 0.033725 seconds .

========================================================================
Received Import Request.
  Time since last request: 38.007343 seconds.
  path: Assets/Gothicvania Cemetery Artwork/Scenes/Boss.unity
  artifactKey: Guid(2fbce3c7de20c87458cf84f406b36d0a) Importer(815301076,1909f56bfc062723c751e8b465ee728b)
Start importing Assets/Gothicvania Cemetery Artwork/Scenes/Boss.unity using Guid(2fbce3c7de20c87458cf84f406b36d0a) Importer(815301076,1909f56bfc062723c751e8b465ee728b)  -> (artifact id: 'ec9b6c3cbb0eb5c828ee8fa6908ce69e') in 0.004262 seconds
  Import took 0.028084 seconds .

========================================================================
Received Prepare
Registering precompiled user dll's ...
Registered in 0.003881 seconds.
Begin MonoManager ReloadAssembly
Native extension for WindowsStandalone target not found
Refreshing native plugins compatible for Editor in 0.46 ms, found 3 plugins.
Preloading 0 native plugins for Editor in 0.00 ms.
Invoked RoslynAnalysisRunner static constructor.
RoslynAnalysisRunner will not be running.
RoslynAnalysisRunner has terminated.
Mono: successfully reloaded assembly
- Completed reload, in  0.941 seconds
Platform modules already initialized, skipping
Refreshing native plugins compatible for Editor in 0.45 ms, found 3 plugins.
Preloading 0 native plugins for Editor in 0.00 ms.
Unloading 2234 Unused Serialized files (Serialized files now loaded: 0)
System memory in use before: 101.4 MB.
System memory in use after: 101.6 MB.

Unloading 17 unused Assets to reduce memory usage. Loaded Objects now: 2731.
Total: 2.071900 ms (FindLiveObjects: 0.196500 ms CreateObjectMapping: 0.084000 ms MarkObjects: 1.775400 ms  DeleteObjects: 0.015300 ms)

========================================================================
Received Import Request.
  Time since last request: 40.316777 seconds.
  path: Assets/Gothicvania Cemetery Artwork/Scenes/Boss.unity
  artifactKey: Guid(2fbce3c7de20c87458cf84f406b36d0a) Importer(815301076,1909f56bfc062723c751e8b465ee728b)
Start importing Assets/Gothicvania Cemetery Artwork/Scenes/Boss.unity using Guid(2fbce3c7de20c87458cf84f406b36d0a) Importer(815301076,1909f56bfc062723c751e8b465ee728b)  -> (artifact id: '45d667532e7726822c6eeaa098b9ad19') in 0.011526 seconds
  Import took 0.015151 seconds .

========================================================================
Received Prepare
Registering precompiled user dll's ...
Registered in 0.004072 seconds.
Begin MonoManager ReloadAssembly
Native extension for WindowsStandalone target not found
Refreshing native plugins compatible for Editor in 0.45 ms, found 3 plugins.
Preloading 0 native plugins for Editor in 0.00 ms.
Invoked RoslynAnalysisRunner static constructor.
RoslynAnalysisRunner will not be running.
RoslynAnalysisRunner has terminated.
Mono: successfully reloaded assembly
- Completed reload, in  0.939 seconds
Platform modules already initialized, skipping
Refreshing native plugins compatible for Editor in 0.49 ms, found 3 plugins.
Preloading 0 native plugins for Editor in 0.00 ms.
Unloading 2234 Unused Serialized files (Serialized files now loaded: 0)
System memory in use before: 101.5 MB.
System memory in use after: 101.7 MB.

Unloading 17 unused Assets to reduce memory usage. Loaded Objects now: 2735.
Total: 2.260300 ms (FindLiveObjects: 0.259200 ms CreateObjectMapping: 0.126500 ms MarkObjects: 1.857100 ms  DeleteObjects: 0.016700 ms)

========================================================================
Received Import Request.
  Time since last request: 31.517803 seconds.
  path: Assets/Gothicvania Cemetery Artwork/Scenes/Boss.unity
  artifactKey: Guid(2fbce3c7de20c87458cf84f406b36d0a) Importer(815301076,1909f56bfc062723c751e8b465ee728b)
Start importing Assets/Gothicvania Cemetery Artwork/Scenes/Boss.unity using Guid(2fbce3c7de20c87458cf84f406b36d0a) Importer(815301076,1909f56bfc062723c751e8b465ee728b)  -> (artifact id: 'b5c38ea9f6005fc68f8c6f69318c6526') in 0.012468 seconds
  Import took 0.016068 seconds .

========================================================================
Received Prepare
Registering precompiled user dll's ...
Registered in 0.003866 seconds.
Begin MonoManager ReloadAssembly
Native extension for WindowsStandalone target not found
Refreshing native plugins compatible for Editor in 0.46 ms, found 3 plugins.
Preloading 0 native plugins for Editor in 0.00 ms.
Invoked RoslynAnalysisRunner static constructor.
RoslynAnalysisRunner will not be running.
RoslynAnalysisRunner has terminated.
Mono: successfully reloaded assembly
- Completed reload, in  0.929 seconds
Platform modules already initialized, skipping
Refreshing native plugins compatible for Editor in 0.46 ms, found 3 plugins.
Preloading 0 native plugins for Editor in 0.00 ms.
Unloading 2234 Unused Serialized files (Serialized files now loaded: 0)
System memory in use before: 101.5 MB.
System memory in use after: 101.7 MB.

Unloading 17 unused Assets to reduce memory usage. Loaded Objects now: 2739.
Total: 2.184200 ms (FindLiveObjects: 0.229700 ms CreateObjectMapping: 0.090700 ms MarkObjects: 1.819300 ms  DeleteObjects: 0.043600 ms)

========================================================================
Received Prepare
Registering precompiled user dll's ...
Registered in 0.003848 seconds.
Begin MonoManager ReloadAssembly
Native extension for WindowsStandalone target not found
Refreshing native plugins compatible for Editor in 0.45 ms, found 3 plugins.
Preloading 0 native plugins for Editor in 0.00 ms.
Invoked RoslynAnalysisRunner static constructor.
RoslynAnalysisRunner will not be running.
RoslynAnalysisRunner has terminated.
Mono: successfully reloaded assembly
- Completed reload, in  0.940 seconds
Platform modules already initialized, skipping
Refreshing native plugins compatible for Editor in 0.48 ms, found 3 plugins.
Preloading 0 native plugins for Editor in 0.00 ms.
Unloading 2234 Unused Serialized files (Serialized files now loaded: 0)
System memory in use before: 101.5 MB.
System memory in use after: 101.7 MB.

Unloading 17 unused Assets to reduce memory usage. Loaded Objects now: 2743.
Total: 2.274800 ms (FindLiveObjects: 0.249100 ms CreateObjectMapping: 0.111400 ms MarkObjects: 1.897200 ms  DeleteObjects: 0.016000 ms)

========================================================================
Received Prepare
Registering precompiled user dll's ...
Registered in 0.003784 seconds.
Begin MonoManager ReloadAssembly
Native extension for WindowsStandalone target not found
Refreshing native plugins compatible for Editor in 0.45 ms, found 3 plugins.
Preloading 0 native plugins for Editor in 0.00 ms.
Invoked RoslynAnalysisRunner static constructor.
RoslynAnalysisRunner will not be running.
RoslynAnalysisRunner has terminated.
Mono: successfully reloaded assembly
- Completed reload, in  0.911 seconds
Platform modules already initialized, skipping
Refreshing native plugins compatible for Editor in 0.48 ms, found 3 plugins.
Preloading 0 native plugins for Editor in 0.00 ms.
Unloading 2234 Unused Serialized files (Serialized files now loaded: 0)
System memory in use before: 101.5 MB.
System memory in use after: 101.7 MB.

Unloading 17 unused Assets to reduce memory usage. Loaded Objects now: 2747.
Total: 2.090300 ms (FindLiveObjects: 0.222100 ms CreateObjectMapping: 0.102000 ms MarkObjects: 1.750000 ms  DeleteObjects: 0.015400 ms)

========================================================================
Received Import Request.
  Time since last request: 108.836687 seconds.
  path: Assets/Gothicvania Cemetery Artwork/Scenes/Boss.unity
  artifactKey: Guid(2fbce3c7de20c87458cf84f406b36d0a) Importer(815301076,1909f56bfc062723c751e8b465ee728b)
Start importing Assets/Gothicvania Cemetery Artwork/Scenes/Boss.unity using Guid(2fbce3c7de20c87458cf84f406b36d0a) Importer(815301076,1909f56bfc062723c751e8b465ee728b)  -> (artifact id: '3e15ef3477efb8ab648becced0072763') in 0.307791 seconds
  Import took 0.337593 seconds .

========================================================================
Received Import Request.
  Time since last request: 64.347533 seconds.
  path: Assets/Gothicvania Cemetery Artwork/Scenes/Boss.unity
  artifactKey: Guid(2fbce3c7de20c87458cf84f406b36d0a) Importer(815301076,1909f56bfc062723c751e8b465ee728b)
Start importing Assets/Gothicvania Cemetery Artwork/Scenes/Boss.unity using Guid(2fbce3c7de20c87458cf84f406b36d0a) Importer(815301076,1909f56bfc062723c751e8b465ee728b)  -> (artifact id: 'ea87eef3e1f0ba33f5668b0f96a139fd') in 0.002975 seconds
  Import took 0.018110 seconds .

========================================================================
Received Import Request.
  Time since last request: 21.851872 seconds.
  path: Assets/Gothicvania Cemetery Artwork/Scenes/Boss.unity
  artifactKey: Guid(2fbce3c7de20c87458cf84f406b36d0a) Importer(815301076,1909f56bfc062723c751e8b465ee728b)
Start importing Assets/Gothicvania Cemetery Artwork/Scenes/Boss.unity using Guid(2fbce3c7de20c87458cf84f406b36d0a) Importer(815301076,1909f56bfc062723c751e8b465ee728b)  -> (artifact id: 'e6a5384dbcaa133cd268e69d235b9247') in 0.004448 seconds
  Import took 0.039311 seconds .

========================================================================
Received Prepare
Registering precompiled user dll's ...
Registered in 0.003855 seconds.
Begin MonoManager ReloadAssembly
Native extension for WindowsStandalone target not found
Refreshing native plugins compatible for Editor in 0.45 ms, found 3 plugins.
Preloading 0 native plugins for Editor in 0.00 ms.
Invoked RoslynAnalysisRunner static constructor.
RoslynAnalysisRunner will not be running.
RoslynAnalysisRunner has terminated.
Mono: successfully reloaded assembly
- Completed reload, in  0.930 seconds
Platform modules already initialized, skipping
Refreshing native plugins compatible for Editor in 0.45 ms, found 3 plugins.
Preloading 0 native plugins for Editor in 0.00 ms.
Unloading 2234 Unused Serialized files (Serialized files now loaded: 0)
System memory in use before: 101.4 MB.
System memory in use after: 101.7 MB.

Unloading 17 unused Assets to reduce memory usage. Loaded Objects now: 2751.
Total: 2.068800 ms (FindLiveObjects: 0.198300 ms CreateObjectMapping: 0.089700 ms MarkObjects: 1.765200 ms  DeleteObjects: 0.014900 ms)

========================================================================
Received Import Request.
  Time since last request: 298.426786 seconds.
  path: Assets/Animations/Skeleton/Walk.anim
  artifactKey: Guid(a848460b2c97d8f4d9e9622b1ae575ee) Importer(815301076,1909f56bfc062723c751e8b465ee728b)
Start importing Assets/Animations/Skeleton/Walk.anim using Guid(a848460b2c97d8f4d9e9622b1ae575ee) Importer(815301076,1909f56bfc062723c751e8b465ee728b)  -> (artifact id: 'bd5bcf85f8986daebd1acf7057ce0fa0') in 0.026517 seconds
  Import took 0.047702 seconds .

========================================================================
Received Import Request.
  Time since last request: 9.633817 seconds.
  path: Assets/Animations/Skeleton/SkeletonAnimController.controller
  artifactKey: Guid(4501980e61c3d8e46bb987b399320c8f) Importer(815301076,1909f56bfc062723c751e8b465ee728b)
Start importing Assets/Animations/Skeleton/SkeletonAnimController.controller using Guid(4501980e61c3d8e46bb987b399320c8f) Importer(815301076,1909f56bfc062723c751e8b465ee728b)  -> (artifact id: '8f0f55dd22e1c09699eb06ac6f9c313c') in 0.012036 seconds
  Import took 0.026668 seconds .

========================================================================
Received Prepare
Registering precompiled user dll's ...
Registered in 0.003919 seconds.
Begin MonoManager ReloadAssembly
Native extension for WindowsStandalone target not found
Refreshing native plugins compatible for Editor in 0.49 ms, found 3 plugins.
Preloading 0 native plugins for Editor in 0.00 ms.
Invoked RoslynAnalysisRunner static constructor.
RoslynAnalysisRunner will not be running.
RoslynAnalysisRunner has terminated.
Mono: successfully reloaded assembly
- Completed reload, in  0.923 seconds
Platform modules already initialized, skipping
Refreshing native plugins compatible for Editor in 0.46 ms, found 3 plugins.
Preloading 0 native plugins for Editor in 0.00 ms.
Unloading 2234 Unused Serialized files (Serialized files now loaded: 0)
System memory in use before: 101.7 MB.
System memory in use after: 101.9 MB.

Unloading 17 unused Assets to reduce memory usage. Loaded Objects now: 2755.
Total: 2.441700 ms (FindLiveObjects: 0.237900 ms CreateObjectMapping: 0.109400 ms MarkObjects: 2.075100 ms  DeleteObjects: 0.018500 ms)

========================================================================
Received Prepare
Registering precompiled user dll's ...
Registered in 0.003771 seconds.
Begin MonoManager ReloadAssembly
Native extension for WindowsStandalone target not found
Refreshing native plugins compatible for Editor in 0.58 ms, found 3 plugins.
Preloading 0 native plugins for Editor in 0.00 ms.
Invoked RoslynAnalysisRunner static constructor.
RoslynAnalysisRunner will not be running.
RoslynAnalysisRunner has terminated.
Mono: successfully reloaded assembly
- Completed reload, in  0.915 seconds
Platform modules already initialized, skipping
Refreshing native plugins compatible for Editor in 0.53 ms, found 3 plugins.
Preloading 0 native plugins for Editor in 0.00 ms.
Unloading 2234 Unused Serialized files (Serialized files now loaded: 0)
System memory in use before: 101.7 MB.
System memory in use after: 101.9 MB.

Unloading 17 unused Assets to reduce memory usage. Loaded Objects now: 2759.
Total: 2.246800 ms (FindLiveObjects: 0.224800 ms CreateObjectMapping: 0.103900 ms MarkObjects: 1.872200 ms  DeleteObjects: 0.045100 ms)

========================================================================
Received Prepare
Registering precompiled user dll's ...
Registered in 0.003880 seconds.
Begin MonoManager ReloadAssembly
Native extension for WindowsStandalone target not found
Refreshing native plugins compatible for Editor in 0.48 ms, found 3 plugins.
Preloading 0 native plugins for Editor in 0.00 ms.
Invoked RoslynAnalysisRunner static constructor.
RoslynAnalysisRunner will not be running.
RoslynAnalysisRunner has terminated.
Mono: successfully reloaded assembly
- Completed reload, in  0.913 seconds
Platform modules already initialized, skipping
Refreshing native plugins compatible for Editor in 0.46 ms, found 3 plugins.
Preloading 0 native plugins for Editor in 0.00 ms.
Unloading 2234 Unused Serialized files (Serialized files now loaded: 0)
System memory in use before: 101.7 MB.
System memory in use after: 101.9 MB.

Unloading 17 unused Assets to reduce memory usage. Loaded Objects now: 2763.
Total: 2.178300 ms (FindLiveObjects: 0.224900 ms CreateObjectMapping: 0.091900 ms MarkObjects: 1.815500 ms  DeleteObjects: 0.045100 ms)

========================================================================
Received Import Request.
  Time since last request: 74.861608 seconds.
  path: Assets/Animations/Skeleton/Spawn.anim
  artifactKey: Guid(58e4040fafb78f04aa1c78f2aeb3869d) Importer(815301076,1909f56bfc062723c751e8b465ee728b)
Start importing Assets/Animations/Skeleton/Spawn.anim using Guid(58e4040fafb78f04aa1c78f2aeb3869d) Importer(815301076,1909f56bfc062723c751e8b465ee728b)  -> (artifact id: 'e295fe46349343b72ff107bdd74bcd20') in 0.015671 seconds
  Import took 0.019262 seconds .

========================================================================
Received Prepare
Registering precompiled user dll's ...
Registered in 0.003767 seconds.
Begin MonoManager ReloadAssembly
Native extension for WindowsStandalone target not found
Refreshing native plugins compatible for Editor in 0.46 ms, found 3 plugins.
Preloading 0 native plugins for Editor in 0.00 ms.
Invoked RoslynAnalysisRunner static constructor.
RoslynAnalysisRunner will not be running.
RoslynAnalysisRunner has terminated.
Mono: successfully reloaded assembly
- Completed reload, in  0.931 seconds
Platform modules already initialized, skipping
Refreshing native plugins compatible for Editor in 0.50 ms, found 3 plugins.
Preloading 0 native plugins for Editor in 0.00 ms.
Unloading 2234 Unused Serialized files (Serialized files now loaded: 0)
System memory in use before: 101.7 MB.
System memory in use after: 101.9 MB.

Unloading 17 unused Assets to reduce memory usage. Loaded Objects now: 2767.
Total: 2.346100 ms (FindLiveObjects: 0.240400 ms CreateObjectMapping: 0.091900 ms MarkObjects: 1.969800 ms  DeleteObjects: 0.043100 ms)

========================================================================
Received Prepare
Registering precompiled user dll's ...
Registered in 0.003991 seconds.
Begin MonoManager ReloadAssembly
Native extension for WindowsStandalone target not found
Refreshing native plugins compatible for Editor in 0.44 ms, found 3 plugins.
Preloading 0 native plugins for Editor in 0.00 ms.
Invoked RoslynAnalysisRunner static constructor.
RoslynAnalysisRunner will not be running.
RoslynAnalysisRunner has terminated.
Mono: successfully reloaded assembly
- Completed reload, in  0.927 seconds
Platform modules already initialized, skipping
Refreshing native plugins compatible for Editor in 0.46 ms, found 3 plugins.
Preloading 0 native plugins for Editor in 0.00 ms.
Unloading 2234 Unused Serialized files (Serialized files now loaded: 0)
System memory in use before: 101.6 MB.
System memory in use after: 101.8 MB.

Unloading 17 unused Assets to reduce memory usage. Loaded Objects now: 2771.
Total: 2.179100 ms (FindLiveObjects: 0.254000 ms CreateObjectMapping: 0.089700 ms MarkObjects: 1.817000 ms  DeleteObjects: 0.017400 ms)

========================================================================
Received Prepare
Registering precompiled user dll's ...
Registered in 0.003859 seconds.
Begin MonoManager ReloadAssembly
Native extension for WindowsStandalone target not found
Refreshing native plugins compatible for Editor in 0.47 ms, found 3 plugins.
Preloading 0 native plugins for Editor in 0.00 ms.
Invoked RoslynAnalysisRunner static constructor.
RoslynAnalysisRunner will not be running.
RoslynAnalysisRunner has terminated.
Mono: successfully reloaded assembly
- Completed reload, in  0.912 seconds
Platform modules already initialized, skipping
Refreshing native plugins compatible for Editor in 0.47 ms, found 3 plugins.
Preloading 0 native plugins for Editor in 0.00 ms.
Unloading 2234 Unused Serialized files (Serialized files now loaded: 0)
System memory in use before: 101.7 MB.
System memory in use after: 101.9 MB.

Unloading 17 unused Assets to reduce memory usage. Loaded Objects now: 2775.
Total: 2.268400 ms (FindLiveObjects: 0.219400 ms CreateObjectMapping: 0.094300 ms MarkObjects: 1.936000 ms  DeleteObjects: 0.017600 ms)

========================================================================
Received Import Request.
  Time since last request: 500.351365 seconds.
  path: Assets/Animations/Skeleton/SkeletonAnimController.controller
  artifactKey: Guid(4501980e61c3d8e46bb987b399320c8f) Importer(815301076,1909f56bfc062723c751e8b465ee728b)
Start importing Assets/Animations/Skeleton/SkeletonAnimController.controller using Guid(4501980e61c3d8e46bb987b399320c8f) Importer(815301076,1909f56bfc062723c751e8b465ee728b)  -> (artifact id: 'fc33b24f02224966ba70f714a284b3a4') in 0.015475 seconds
  Import took 0.033921 seconds .

========================================================================
Received Import Request.
  Time since last request: 10.165317 seconds.
  path: Assets/Scripts/DestroyOnExit.cs
  artifactKey: Guid(a34fbcaa115bd0143a1eb45ffedb48d9) Importer(815301076,1909f56bfc062723c751e8b465ee728b)
Start importing Assets/Scripts/DestroyOnExit.cs using Guid(a34fbcaa115bd0143a1eb45ffedb48d9) Importer(815301076,1909f56bfc062723c751e8b465ee728b)  -> (artifact id: 'ead7062f304827ca7d1a495877a9819a') in 0.009905 seconds
  Import took 0.013287 seconds .

========================================================================
Received Prepare
Registering precompiled user dll's ...
Registered in 0.003973 seconds.
Begin MonoManager ReloadAssembly
Native extension for WindowsStandalone target not found
Refreshing native plugins compatible for Editor in 0.45 ms, found 3 plugins.
Preloading 0 native plugins for Editor in 0.00 ms.
Invoked RoslynAnalysisRunner static constructor.
RoslynAnalysisRunner will not be running.
RoslynAnalysisRunner has terminated.
Mono: successfully reloaded assembly
- Completed reload, in  0.931 seconds
Platform modules already initialized, skipping
Refreshing native plugins compatible for Editor in 0.47 ms, found 3 plugins.
Preloading 0 native plugins for Editor in 0.00 ms.
Unloading 2234 Unused Serialized files (Serialized files now loaded: 0)
System memory in use before: 101.7 MB.
System memory in use after: 101.9 MB.

Unloading 17 unused Assets to reduce memory usage. Loaded Objects now: 2779.
Total: 3.053800 ms (FindLiveObjects: 0.304800 ms CreateObjectMapping: 0.116700 ms MarkObjects: 2.572200 ms  DeleteObjects: 0.059200 ms)

========================================================================
Received Import Request.
  Time since last request: 306.602866 seconds.
  path: Assets/Scripts/DestroyOnExit.cs
  artifactKey: Guid(a34fbcaa115bd0143a1eb45ffedb48d9) Importer(815301076,1909f56bfc062723c751e8b465ee728b)
Start importing Assets/Scripts/DestroyOnExit.cs using Guid(a34fbcaa115bd0143a1eb45ffedb48d9) Importer(815301076,1909f56bfc062723c751e8b465ee728b)  -> (artifact id: '0e7fadc2b892cd63eec02a9edef7d835') in 0.004981 seconds
  Import took 0.008462 seconds .

========================================================================
Received Import Request.
  Time since last request: 0.000781 seconds.
  path: Assets/Scripts/DestroyOnExit.cs
  artifactKey: Guid(a34fbcaa115bd0143a1eb45ffedb48d9) Importer(815301076,1909f56bfc062723c751e8b465ee728b)
Start importing Assets/Scripts/DestroyOnExit.cs using Guid(a34fbcaa115bd0143a1eb45ffedb48d9) Importer(815301076,1909f56bfc062723c751e8b465ee728b)  -> (artifact id: '0e7fadc2b892cd63eec02a9edef7d835') in 0.001961 seconds
  Import took 0.005177 seconds .

========================================================================
Received Prepare
Registering precompiled user dll's ...
Registered in 0.003760 seconds.
Begin MonoManager ReloadAssembly
Native extension for WindowsStandalone target not found
Refreshing native plugins compatible for Editor in 0.45 ms, found 3 plugins.
Preloading 0 native plugins for Editor in 0.00 ms.
Invoked RoslynAnalysisRunner static constructor.
RoslynAnalysisRunner will not be running.
RoslynAnalysisRunner has terminated.
Mono: successfully reloaded assembly
- Completed reload, in  0.919 seconds
Platform modules already initialized, skipping
Refreshing native plugins compatible for Editor in 0.46 ms, found 3 plugins.
Preloading 0 native plugins for Editor in 0.00 ms.
Unloading 2234 Unused Serialized files (Serialized files now loaded: 0)
System memory in use before: 101.7 MB.
System memory in use after: 101.9 MB.

Unloading 17 unused Assets to reduce memory usage. Loaded Objects now: 2783.
Total: 2.275600 ms (FindLiveObjects: 0.224600 ms CreateObjectMapping: 0.092000 ms MarkObjects: 1.941400 ms  DeleteObjects: 0.016600 ms)

========================================================================
Received Prepare
Registering precompiled user dll's ...
Registered in 0.003912 seconds.
Begin MonoManager ReloadAssembly
Native extension for WindowsStandalone target not found
Refreshing native plugins compatible for Editor in 0.43 ms, found 3 plugins.
Preloading 0 native plugins for Editor in 0.00 ms.
Invoked RoslynAnalysisRunner static constructor.
RoslynAnalysisRunner will not be running.
RoslynAnalysisRunner has terminated.
Mono: successfully reloaded assembly
- Completed reload, in  0.929 seconds
Platform modules already initialized, skipping
Refreshing native plugins compatible for Editor in 0.44 ms, found 3 plugins.
Preloading 0 native plugins for Editor in 0.00 ms.
Unloading 2234 Unused Serialized files (Serialized files now loaded: 0)
System memory in use before: 101.7 MB.
System memory in use after: 102.0 MB.

Unloading 17 unused Assets to reduce memory usage. Loaded Objects now: 2787.
Total: 2.136000 ms (FindLiveObjects: 0.209600 ms CreateObjectMapping: 0.091900 ms MarkObjects: 1.818300 ms  DeleteObjects: 0.015400 ms)

========================================================================
Received Prepare
Registering precompiled user dll's ...
Registered in 0.003921 seconds.
Begin MonoManager ReloadAssembly
Native extension for WindowsStandalone target not found
Refreshing native plugins compatible for Editor in 0.45 ms, found 3 plugins.
Preloading 0 native plugins for Editor in 0.00 ms.
Invoked RoslynAnalysisRunner static constructor.
RoslynAnalysisRunner will not be running.
RoslynAnalysisRunner has terminated.
Mono: successfully reloaded assembly
- Completed reload, in  0.928 seconds
Platform modules already initialized, skipping
Refreshing native plugins compatible for Editor in 0.47 ms, found 3 plugins.
Preloading 0 native plugins for Editor in 0.00 ms.
Unloading 2234 Unused Serialized files (Serialized files now loaded: 0)
System memory in use before: 101.7 MB.
System memory in use after: 101.9 MB.

Unloading 17 unused Assets to reduce memory usage. Loaded Objects now: 2791.
Total: 2.233700 ms (FindLiveObjects: 0.295300 ms CreateObjectMapping: 0.126400 ms MarkObjects: 1.795600 ms  DeleteObjects: 0.015300 ms)

========================================================================
Received Prepare
Registering precompiled user dll's ...
Registered in 0.003732 seconds.
Begin MonoManager ReloadAssembly
Native extension for WindowsStandalone target not found
Refreshing native plugins compatible for Editor in 0.44 ms, found 3 plugins.
Preloading 0 native plugins for Editor in 0.00 ms.
Invoked RoslynAnalysisRunner static constructor.
RoslynAnalysisRunner will not be running.
RoslynAnalysisRunner has terminated.
Mono: successfully reloaded assembly
- Completed reload, in  0.913 seconds
Platform modules already initialized, skipping
Refreshing native plugins compatible for Editor in 0.46 ms, found 3 plugins.
Preloading 0 native plugins for Editor in 0.00 ms.
Unloading 2234 Unused Serialized files (Serialized files now loaded: 0)
System memory in use before: 101.8 MB.
System memory in use after: 102.0 MB.

Unloading 17 unused Assets to reduce memory usage. Loaded Objects now: 2795.
Total: 2.133200 ms (FindLiveObjects: 0.217000 ms CreateObjectMapping: 0.125400 ms MarkObjects: 1.774800 ms  DeleteObjects: 0.015300 ms)

========================================================================
Received Prepare
Registering precompiled user dll's ...
Registered in 0.003764 seconds.
Begin MonoManager ReloadAssembly
Native extension for WindowsStandalone target not found
Refreshing native plugins compatible for Editor in 0.45 ms, found 3 plugins.
Preloading 0 native plugins for Editor in 0.00 ms.
Invoked RoslynAnalysisRunner static constructor.
RoslynAnalysisRunner will not be running.
RoslynAnalysisRunner has terminated.
Mono: successfully reloaded assembly
- Completed reload, in  0.910 seconds
Platform modules already initialized, skipping
Refreshing native plugins compatible for Editor in 0.45 ms, found 3 plugins.
Preloading 0 native plugins for Editor in 0.00 ms.
Unloading 2234 Unused Serialized files (Serialized files now loaded: 0)
System memory in use before: 101.8 MB.
System memory in use after: 102.0 MB.

Unloading 17 unused Assets to reduce memory usage. Loaded Objects now: 2799.
Total: 2.110800 ms (FindLiveObjects: 0.235200 ms CreateObjectMapping: 0.107200 ms MarkObjects: 1.752400 ms  DeleteObjects: 0.015100 ms)

========================================================================
Received Prepare
Registering precompiled user dll's ...
Registered in 0.003740 seconds.
Begin MonoManager ReloadAssembly
Native extension for WindowsStandalone target not found
Refreshing native plugins compatible for Editor in 0.45 ms, found 3 plugins.
Preloading 0 native plugins for Editor in 0.00 ms.
Invoked RoslynAnalysisRunner static constructor.
RoslynAnalysisRunner will not be running.
RoslynAnalysisRunner has terminated.
Mono: successfully reloaded assembly
- Completed reload, in  0.910 seconds
Platform modules already initialized, skipping
Refreshing native plugins compatible for Editor in 0.46 ms, found 3 plugins.
Preloading 0 native plugins for Editor in 0.00 ms.
Unloading 2234 Unused Serialized files (Serialized files now loaded: 0)
System memory in use before: 101.8 MB.
System memory in use after: 102.0 MB.

Unloading 17 unused Assets to reduce memory usage. Loaded Objects now: 2803.
Total: 2.142600 ms (FindLiveObjects: 0.229600 ms CreateObjectMapping: 0.091600 ms MarkObjects: 1.804400 ms  DeleteObjects: 0.015900 ms)

========================================================================
Received Prepare
Registering precompiled user dll's ...
Registered in 0.003915 seconds.
Begin MonoManager ReloadAssembly
Native extension for WindowsStandalone target not found
Refreshing native plugins compatible for Editor in 0.45 ms, found 3 plugins.
Preloading 0 native plugins for Editor in 0.00 ms.
Invoked RoslynAnalysisRunner static constructor.
RoslynAnalysisRunner will not be running.
RoslynAnalysisRunner has terminated.
Mono: successfully reloaded assembly
- Completed reload, in  0.906 seconds
Platform modules already initialized, skipping
Refreshing native plugins compatible for Editor in 0.49 ms, found 3 plugins.
Preloading 0 native plugins for Editor in 0.00 ms.
Unloading 2234 Unused Serialized files (Serialized files now loaded: 0)
System memory in use before: 101.8 MB.
System memory in use after: 102.0 MB.

Unloading 17 unused Assets to reduce memory usage. Loaded Objects now: 2807.
Total: 2.105900 ms (FindLiveObjects: 0.238500 ms CreateObjectMapping: 0.086300 ms MarkObjects: 1.764800 ms  DeleteObjects: 0.015400 ms)

========================================================================
Received Prepare
Registering precompiled user dll's ...
Registered in 0.003705 seconds.
Begin MonoManager ReloadAssembly
Native extension for WindowsStandalone target not found
Refreshing native plugins compatible for Editor in 0.44 ms, found 3 plugins.
Preloading 0 native plugins for Editor in 0.00 ms.
Invoked RoslynAnalysisRunner static constructor.
RoslynAnalysisRunner will not be running.
RoslynAnalysisRunner has terminated.
Mono: successfully reloaded assembly
- Completed reload, in  0.906 seconds
Platform modules already initialized, skipping
Refreshing native plugins compatible for Editor in 0.47 ms, found 3 plugins.
Preloading 0 native plugins for Editor in 0.00 ms.
Unloading 2234 Unused Serialized files (Serialized files now loaded: 0)
System memory in use before: 101.7 MB.
System memory in use after: 101.9 MB.

Unloading 17 unused Assets to reduce memory usage. Loaded Objects now: 2811.
Total: 2.578800 ms (FindLiveObjects: 0.336500 ms CreateObjectMapping: 0.191400 ms MarkObjects: 1.989200 ms  DeleteObjects: 0.060600 ms)

AssetImportWorkerClient::OnTransportError - code=2 error=End of file
