Using pre-set license
Built from '2020.2/staging' branch; Version is '2020.2.5f1 (e2c53f129de5) revision 14861631'; Using compiler version '192528614'; Build Type 'Release'
OS: 'Windows 10 Pro; OS build 19041.985; Version 2004; 64bit' Language: 'es' Physical Memory: 16326 MB
BatchMode: 1, IsHumanControllingUs: 0, StartBugReporterOnCrash: 0, Is64bit: 1, IsPro: 0

 COMMAND LINE ARGUMENTS:
C:\Program Files\Unity\Hub\Editor\2020.2.5f1\Editor\Unity.exe
-adb2
-batchMode
-noUpm
-name
AssetImportWorker0
-projectPath
D:/Alexis/Desktop/Clases Unity/Clases Ulima/Semana 5/Nueva carpeta/ulvania-20211
-logFile
Logs/AssetImportWorker0.log
-srvPort
63133
Successfully changed project path to: D:/Alexis/Desktop/Clases Unity/Clases Ulima/Semana 5/Nueva carpeta/ulvania-20211
D:/Alexis/Desktop/Clases Unity/Clases Ulima/Semana 5/Nueva carpeta/ulvania-20211
Using Asset Import Pipeline V2.
Refreshing native plugins compatible for Editor in 41.07 ms, found 3 plugins.
Preloading 0 native plugins for Editor in 0.00 ms.
Initialize engine version: 2020.2.5f1 (e2c53f129de5)
[Subsystems] Discovering subsystems at path C:/Program Files/Unity/Hub/Editor/2020.2.5f1/Editor/Data/Resources/UnitySubsystems
[Subsystems] Discovering subsystems at path D:/Alexis/Desktop/Clases Unity/Clases Ulima/Semana 5/Nueva carpeta/ulvania-20211/Assets
GfxDevice: creating device client; threaded=0
Direct3D:
    Version:  Direct3D 11.0 [level 11.1]
    Renderer: NVIDIA GeForce GTX 1660 Ti (ID=0x2182)
    Vendor:   
    VRAM:     5991 MB
    Driver:   27.21.14.6140
Initialize mono
Mono path[0] = 'C:/Program Files/Unity/Hub/Editor/2020.2.5f1/Editor/Data/Managed'
Mono path[1] = 'C:/Program Files/Unity/Hub/Editor/2020.2.5f1/Editor/Data/MonoBleedingEdge/lib/mono/unityjit'
Mono config path = 'C:/Program Files/Unity/Hub/Editor/2020.2.5f1/Editor/Data/MonoBleedingEdge/etc'
Using monoOptions --debugger-agent=transport=dt_socket,embedding=1,server=y,suspend=n,address=127.0.0.1:56192
Begin MonoManager ReloadAssembly
Registering precompiled unity dll's ...
Register platform support module: C:/Program Files/Unity/Hub/Editor/2020.2.5f1/Editor/Data/PlaybackEngines/WindowsStandaloneSupport/UnityEditor.WindowsStandalone.Extensions.dll
Registered in 0.001806 seconds.
Native extension for WindowsStandalone target not found
Refreshing native plugins compatible for Editor in 38.36 ms, found 3 plugins.
Preloading 0 native plugins for Editor in 0.00 ms.
Invoked RoslynAnalysisRunner static constructor.
RoslynAnalysisRunner will not be running.
RoslynAnalysisRunner has terminated.
Mono: successfully reloaded assembly
- Completed reload, in  1.025 seconds
Platform modules already initialized, skipping
Registering precompiled user dll's ...
Registered in 0.003814 seconds.
Begin MonoManager ReloadAssembly
Native extension for WindowsStandalone target not found
Refreshing native plugins compatible for Editor in 39.18 ms, found 3 plugins.
Preloading 0 native plugins for Editor in 0.00 ms.
Invoked RoslynAnalysisRunner static constructor.
RoslynAnalysisRunner will not be running.
RoslynAnalysisRunner has terminated.
Mono: successfully reloaded assembly
- Completed reload, in  1.014 seconds
Platform modules already initialized, skipping
========================================================================
Worker process is ready to serve import requests
Launched and connected shader compiler UnityShaderCompiler.exe after 0.04 seconds
Refreshing native plugins compatible for Editor in 0.49 ms, found 3 plugins.
Preloading 0 native plugins for Editor in 0.00 ms.
Unloading 2246 Unused Serialized files (Serialized files now loaded: 0)
System memory in use before: 98.5 MB.
System memory in use after: 98.6 MB.

Unloading 29 unused Assets to reduce memory usage. Loaded Objects now: 2685.
Total: 2.111900 ms (FindLiveObjects: 0.201300 ms CreateObjectMapping: 0.091400 ms MarkObjects: 1.755800 ms  DeleteObjects: 0.062500 ms)

========================================================================
Received Import Request.
  path: Assets/Animations/SkeletonBoss
  artifactKey: Guid(da0119df0adaba148bbb71d308611689) Importer(815301076,1909f56bfc062723c751e8b465ee728b)
Start importing Assets/Animations/SkeletonBoss using Guid(da0119df0adaba148bbb71d308611689) Importer(815301076,1909f56bfc062723c751e8b465ee728b)  -> (artifact id: 'aedac7e7492385f8e8f92c89217fff8e') in 0.008112 seconds
  Import took 0.025149 seconds .

========================================================================
Received Import Request.
  Time since last request: 23.305461 seconds.
  path: Assets/Gothicvania Cemetery Artwork/Sprites/skeleton-clothed
  artifactKey: Guid(d1b08ae60dbeb40378d9d7324d85bd7d) Importer(815301076,1909f56bfc062723c751e8b465ee728b)
Start importing Assets/Gothicvania Cemetery Artwork/Sprites/skeleton-clothed using Guid(d1b08ae60dbeb40378d9d7324d85bd7d) Importer(815301076,1909f56bfc062723c751e8b465ee728b)  -> (artifact id: '0ae5a62ce1e45c1b17f388ca9dcae7d1') in 0.005946 seconds
  Import took 0.009308 seconds .

========================================================================
Received Import Request.
  Time since last request: 6.232124 seconds.
  path: Assets/Gothicvania Cemetery Artwork/Sprites/skeleton-clothed/skeleton-clothed-1.png
  artifactKey: Guid(70503d71a0abb4818823e52b03def6e7) Importer(815301076,1909f56bfc062723c751e8b465ee728b)
Start importing Assets/Gothicvania Cemetery Artwork/Sprites/skeleton-clothed/skeleton-clothed-1.png using Guid(70503d71a0abb4818823e52b03def6e7) Importer(815301076,1909f56bfc062723c751e8b465ee728b)  -> (artifact id: '0c53ceb75a8727f0c90fddcca67d7023') in 0.113894 seconds
  Import took 0.117168 seconds .

========================================================================
Received Import Request.
  Time since last request: 38.026244 seconds.
  path: Assets/Gothicvania Cemetery Artwork/Sprites/ghost-halo/ghost-halo-1.png
  artifactKey: Guid(3bd6ae9ed48144bf6b53332d6b4a753a) Importer(815301076,1909f56bfc062723c751e8b465ee728b)
Start importing Assets/Gothicvania Cemetery Artwork/Sprites/ghost-halo/ghost-halo-1.png using Guid(3bd6ae9ed48144bf6b53332d6b4a753a) Importer(815301076,1909f56bfc062723c751e8b465ee728b)  -> (artifact id: '22a6bb4a4d787170f55c9fe4c6934c90') in 0.015628 seconds
  Import took 0.019334 seconds .

========================================================================
Received Import Request.
  Time since last request: 5.799034 seconds.
  path: Assets/Gothicvania Cemetery Artwork/Sprites/ghost-halo/ghost-halo-1.png
  artifactKey: Guid(3bd6ae9ed48144bf6b53332d6b4a753a) Importer(815301076,1909f56bfc062723c751e8b465ee728b)
Start importing Assets/Gothicvania Cemetery Artwork/Sprites/ghost-halo/ghost-halo-1.png using Guid(3bd6ae9ed48144bf6b53332d6b4a753a) Importer(815301076,1909f56bfc062723c751e8b465ee728b)  -> (artifact id: '5ccf8b380ff6d7322ccb4e6e87b9f204') in 0.009403 seconds
  Import took 0.013046 seconds .

========================================================================
Received Prepare
Registering precompiled user dll's ...
Registered in 0.003946 seconds.
Begin MonoManager ReloadAssembly
Native extension for WindowsStandalone target not found
Refreshing native plugins compatible for Editor in 0.45 ms, found 3 plugins.
Preloading 0 native plugins for Editor in 0.00 ms.
Invoked RoslynAnalysisRunner static constructor.
RoslynAnalysisRunner will not be running.
RoslynAnalysisRunner has terminated.
Mono: successfully reloaded assembly
- Completed reload, in  0.925 seconds
Platform modules already initialized, skipping
Refreshing native plugins compatible for Editor in 0.48 ms, found 3 plugins.
Preloading 0 native plugins for Editor in 0.00 ms.
Unloading 2234 Unused Serialized files (Serialized files now loaded: 0)
System memory in use before: 101.0 MB.
System memory in use after: 101.1 MB.

Unloading 17 unused Assets to reduce memory usage. Loaded Objects now: 2697.
Total: 1.913500 ms (FindLiveObjects: 0.171100 ms CreateObjectMapping: 0.070900 ms MarkObjects: 1.655500 ms  DeleteObjects: 0.015200 ms)

========================================================================
Received Prepare
Registering precompiled user dll's ...
Registered in 0.137812 seconds.
Begin MonoManager ReloadAssembly
Native extension for WindowsStandalone target not found
Refreshing native plugins compatible for Editor in 0.46 ms, found 3 plugins.
Preloading 0 native plugins for Editor in 0.00 ms.
Invoked RoslynAnalysisRunner static constructor.
RoslynAnalysisRunner will not be running.
RoslynAnalysisRunner has terminated.
Mono: successfully reloaded assembly
- Completed reload, in  1.476 seconds
Platform modules already initialized, skipping
Refreshing native plugins compatible for Editor in 0.48 ms, found 3 plugins.
Preloading 0 native plugins for Editor in 0.00 ms.
Unloading 2234 Unused Serialized files (Serialized files now loaded: 0)
System memory in use before: 101.1 MB.
System memory in use after: 101.2 MB.

Unloading 17 unused Assets to reduce memory usage. Loaded Objects now: 2701.
Total: 2.512500 ms (FindLiveObjects: 0.449100 ms CreateObjectMapping: 0.127500 ms MarkObjects: 1.917500 ms  DeleteObjects: 0.017400 ms)

========================================================================
Received Import Request.
  Time since last request: 6558.958836 seconds.
  path: Assets/Gothicvania Cemetery Artwork/Sprites/Grim-Reaper/preview.gif
  artifactKey: Guid(83740885e16a96545bff1dc08ba362d1) Importer(815301076,1909f56bfc062723c751e8b465ee728b)
Start importing Assets/Gothicvania Cemetery Artwork/Sprites/Grim-Reaper/preview.gif using Guid(83740885e16a96545bff1dc08ba362d1) Importer(815301076,1909f56bfc062723c751e8b465ee728b)  -> (artifact id: 'b12b1d78702ea56863c0f8fa93499fbf') in 0.063493 seconds
  Import took 0.086882 seconds .

========================================================================
Received Import Request.
  Time since last request: 3.396471 seconds.
  path: Assets/Gothicvania Cemetery Artwork/Sprites/Grim-Reaper/black_death.png
  artifactKey: Guid(db22317c175b6c249a7d0e2496035c3b) Importer(815301076,1909f56bfc062723c751e8b465ee728b)
Start importing Assets/Gothicvania Cemetery Artwork/Sprites/Grim-Reaper/black_death.png using Guid(db22317c175b6c249a7d0e2496035c3b) Importer(815301076,1909f56bfc062723c751e8b465ee728b)  -> (artifact id: '67cbcf35157771dbb707e332a18d25ed') in 0.014635 seconds
  Import took 0.034657 seconds .

========================================================================
Received Import Request.
  Time since last request: 0.008671 seconds.
  path: Assets/Gothicvania Cemetery Artwork/Sprites/Grim-Reaper/black_death.png
  artifactKey: Guid(db22317c175b6c249a7d0e2496035c3b) Importer(815301076,1909f56bfc062723c751e8b465ee728b)
Start importing Assets/Gothicvania Cemetery Artwork/Sprites/Grim-Reaper/black_death.png using Guid(db22317c175b6c249a7d0e2496035c3b) Importer(815301076,1909f56bfc062723c751e8b465ee728b)  -> (artifact id: '67cbcf35157771dbb707e332a18d25ed') in 0.022884 seconds
  Import took 0.026211 seconds .

========================================================================
Received Import Request.
  Time since last request: 17.299272 seconds.
  path: Assets/Gothicvania Cemetery Artwork/Sprites/Grim-Reaper/black_death.png
  artifactKey: Guid(db22317c175b6c249a7d0e2496035c3b) Importer(815301076,1909f56bfc062723c751e8b465ee728b)
Start importing Assets/Gothicvania Cemetery Artwork/Sprites/Grim-Reaper/black_death.png using Guid(db22317c175b6c249a7d0e2496035c3b) Importer(815301076,1909f56bfc062723c751e8b465ee728b)  -> (artifact id: '732d33527ce51845b5bba91c4bf0e384') in 0.014575 seconds
  Import took 0.034448 seconds .

========================================================================
Received Import Request.
  Time since last request: 4.193765 seconds.
  path: Assets/Gothicvania Cemetery Artwork/Sprites/Grim-Reaper/black_death.png
  artifactKey: Guid(db22317c175b6c249a7d0e2496035c3b) Importer(815301076,1909f56bfc062723c751e8b465ee728b)
Start importing Assets/Gothicvania Cemetery Artwork/Sprites/Grim-Reaper/black_death.png using Guid(db22317c175b6c249a7d0e2496035c3b) Importer(815301076,1909f56bfc062723c751e8b465ee728b)  -> (artifact id: '942c95715f526639d933a87a801c97a5') in 0.011199 seconds
  Import took 0.015347 seconds .

========================================================================
Received Import Request.
  Time since last request: 481.866097 seconds.
  path: Assets/Gothicvania Cemetery Artwork/Sprites/Grim-Reaper/black_death.png
  artifactKey: Guid(db22317c175b6c249a7d0e2496035c3b) Importer(815301076,1909f56bfc062723c751e8b465ee728b)
Start importing Assets/Gothicvania Cemetery Artwork/Sprites/Grim-Reaper/black_death.png using Guid(db22317c175b6c249a7d0e2496035c3b) Importer(815301076,1909f56bfc062723c751e8b465ee728b)  -> (artifact id: '9dbcaab3ddc7712ec82989646ea8d3be') in 0.052769 seconds
  Import took 0.056749 seconds .

========================================================================
Received Import Request.
  Time since last request: 24.891607 seconds.
  path: Assets/Gothicvania Cemetery Artwork/Sprites/hell-gato/hell-gato-2.png
  artifactKey: Guid(d16f6ba6c89844e598ca1a4864cd8372) Importer(815301076,1909f56bfc062723c751e8b465ee728b)
Start importing Assets/Gothicvania Cemetery Artwork/Sprites/hell-gato/hell-gato-2.png using Guid(d16f6ba6c89844e598ca1a4864cd8372) Importer(815301076,1909f56bfc062723c751e8b465ee728b)  -> (artifact id: '826cb65cf23f72b6fb67d97e31ce4604') in 0.012335 seconds
  Import took 0.032575 seconds .

========================================================================
Received Prepare
Registering precompiled user dll's ...
Registered in 0.003831 seconds.
Begin MonoManager ReloadAssembly
Native extension for WindowsStandalone target not found
Refreshing native plugins compatible for Editor in 0.49 ms, found 3 plugins.
Preloading 0 native plugins for Editor in 0.00 ms.
Invoked RoslynAnalysisRunner static constructor.
RoslynAnalysisRunner will not be running.
RoslynAnalysisRunner has terminated.
Mono: successfully reloaded assembly
- Completed reload, in  0.932 seconds
Platform modules already initialized, skipping
Refreshing native plugins compatible for Editor in 0.48 ms, found 3 plugins.
Preloading 0 native plugins for Editor in 0.00 ms.
Unloading 2234 Unused Serialized files (Serialized files now loaded: 0)
System memory in use before: 101.3 MB.
System memory in use after: 101.5 MB.

Unloading 17 unused Assets to reduce memory usage. Loaded Objects now: 2736.
Total: 2.005700 ms (FindLiveObjects: 0.228100 ms CreateObjectMapping: 0.091300 ms MarkObjects: 1.670400 ms  DeleteObjects: 0.015200 ms)

========================================================================
Received Import Request.
  Time since last request: 811.883917 seconds.
  path: Assets/Gothicvania Cemetery Artwork/Sprites/Grim-Reaper
  artifactKey: Guid(db79cdac81673414bbf932d152788f66) Importer(815301076,1909f56bfc062723c751e8b465ee728b)
Start importing Assets/Gothicvania Cemetery Artwork/Sprites/Grim-Reaper using Guid(db79cdac81673414bbf932d152788f66) Importer(815301076,1909f56bfc062723c751e8b465ee728b)  -> (artifact id: 'ab9400a4006bdb85fd5bedf7bb78d993') in 0.010790 seconds
  Import took 0.065052 seconds .

========================================================================
Received Prepare
Registering precompiled user dll's ...
Registered in 0.004038 seconds.
Begin MonoManager ReloadAssembly
Native extension for WindowsStandalone target not found
Refreshing native plugins compatible for Editor in 0.46 ms, found 3 plugins.
Preloading 0 native plugins for Editor in 0.00 ms.
Invoked RoslynAnalysisRunner static constructor.
RoslynAnalysisRunner will not be running.
RoslynAnalysisRunner has terminated.
Mono: successfully reloaded assembly
- Completed reload, in  0.929 seconds
Platform modules already initialized, skipping
Refreshing native plugins compatible for Editor in 0.46 ms, found 3 plugins.
Preloading 0 native plugins for Editor in 0.00 ms.
Unloading 2234 Unused Serialized files (Serialized files now loaded: 0)
System memory in use before: 101.3 MB.
System memory in use after: 101.5 MB.

Unloading 17 unused Assets to reduce memory usage. Loaded Objects now: 2740.
Total: 2.061800 ms (FindLiveObjects: 0.279900 ms CreateObjectMapping: 0.096700 ms MarkObjects: 1.669000 ms  DeleteObjects: 0.015300 ms)

========================================================================
Received Prepare
Registering precompiled user dll's ...
Registered in 0.003813 seconds.
Begin MonoManager ReloadAssembly
Native extension for WindowsStandalone target not found
Refreshing native plugins compatible for Editor in 0.46 ms, found 3 plugins.
Preloading 0 native plugins for Editor in 0.00 ms.
Invoked RoslynAnalysisRunner static constructor.
RoslynAnalysisRunner will not be running.
RoslynAnalysisRunner has terminated.
Mono: successfully reloaded assembly
- Completed reload, in  0.908 seconds
Platform modules already initialized, skipping
Refreshing native plugins compatible for Editor in 0.45 ms, found 3 plugins.
Preloading 0 native plugins for Editor in 0.00 ms.
Unloading 2234 Unused Serialized files (Serialized files now loaded: 0)
System memory in use before: 101.3 MB.
System memory in use after: 101.5 MB.

Unloading 17 unused Assets to reduce memory usage. Loaded Objects now: 2744.
Total: 2.099500 ms (FindLiveObjects: 0.219900 ms CreateObjectMapping: 0.094600 ms MarkObjects: 1.767700 ms  DeleteObjects: 0.016100 ms)

========================================================================
Received Prepare
Registering precompiled user dll's ...
Registered in 0.004047 seconds.
Begin MonoManager ReloadAssembly
Native extension for WindowsStandalone target not found
Refreshing native plugins compatible for Editor in 0.45 ms, found 3 plugins.
Preloading 0 native plugins for Editor in 0.00 ms.
Invoked RoslynAnalysisRunner static constructor.
RoslynAnalysisRunner will not be running.
RoslynAnalysisRunner has terminated.
Mono: successfully reloaded assembly
- Completed reload, in  0.895 seconds
Platform modules already initialized, skipping
Refreshing native plugins compatible for Editor in 0.44 ms, found 3 plugins.
Preloading 0 native plugins for Editor in 0.00 ms.
Unloading 2234 Unused Serialized files (Serialized files now loaded: 0)
System memory in use before: 101.4 MB.
System memory in use after: 101.6 MB.

Unloading 17 unused Assets to reduce memory usage. Loaded Objects now: 2748.
Total: 2.112100 ms (FindLiveObjects: 0.280000 ms CreateObjectMapping: 0.112300 ms MarkObjects: 1.701400 ms  DeleteObjects: 0.017700 ms)

========================================================================
Received Prepare
Registering precompiled user dll's ...
Registered in 0.004038 seconds.
Begin MonoManager ReloadAssembly
Native extension for WindowsStandalone target not found
Refreshing native plugins compatible for Editor in 0.45 ms, found 3 plugins.
Preloading 0 native plugins for Editor in 0.00 ms.
Invoked RoslynAnalysisRunner static constructor.
RoslynAnalysisRunner will not be running.
RoslynAnalysisRunner has terminated.
Mono: successfully reloaded assembly
- Completed reload, in  0.915 seconds
Platform modules already initialized, skipping
Refreshing native plugins compatible for Editor in 0.43 ms, found 3 plugins.
Preloading 0 native plugins for Editor in 0.00 ms.
Unloading 2234 Unused Serialized files (Serialized files now loaded: 0)
System memory in use before: 101.4 MB.
System memory in use after: 101.6 MB.

Unloading 17 unused Assets to reduce memory usage. Loaded Objects now: 2752.
Total: 2.301300 ms (FindLiveObjects: 0.236900 ms CreateObjectMapping: 0.105300 ms MarkObjects: 1.940500 ms  DeleteObjects: 0.017500 ms)

========================================================================
Received Prepare
Registering precompiled user dll's ...
Registered in 0.003763 seconds.
Begin MonoManager ReloadAssembly
Native extension for WindowsStandalone target not found
Refreshing native plugins compatible for Editor in 0.46 ms, found 3 plugins.
Preloading 0 native plugins for Editor in 0.00 ms.
Invoked RoslynAnalysisRunner static constructor.
RoslynAnalysisRunner will not be running.
RoslynAnalysisRunner has terminated.
Mono: successfully reloaded assembly
- Completed reload, in  0.918 seconds
Platform modules already initialized, skipping
Refreshing native plugins compatible for Editor in 0.47 ms, found 3 plugins.
Preloading 0 native plugins for Editor in 0.00 ms.
Unloading 2234 Unused Serialized files (Serialized files now loaded: 0)
System memory in use before: 101.4 MB.
System memory in use after: 101.6 MB.

Unloading 17 unused Assets to reduce memory usage. Loaded Objects now: 2756.
Total: 2.094000 ms (FindLiveObjects: 0.280200 ms CreateObjectMapping: 0.112800 ms MarkObjects: 1.684100 ms  DeleteObjects: 0.015900 ms)

========================================================================
Received Prepare
Registering precompiled user dll's ...
Registered in 0.003707 seconds.
Begin MonoManager ReloadAssembly
Native extension for WindowsStandalone target not found
Refreshing native plugins compatible for Editor in 0.45 ms, found 3 plugins.
Preloading 0 native plugins for Editor in 0.00 ms.
Invoked RoslynAnalysisRunner static constructor.
RoslynAnalysisRunner will not be running.
RoslynAnalysisRunner has terminated.
Mono: successfully reloaded assembly
- Completed reload, in  0.905 seconds
Platform modules already initialized, skipping
Refreshing native plugins compatible for Editor in 0.49 ms, found 3 plugins.
Preloading 0 native plugins for Editor in 0.00 ms.
Unloading 2234 Unused Serialized files (Serialized files now loaded: 0)
System memory in use before: 101.4 MB.
System memory in use after: 101.6 MB.

Unloading 17 unused Assets to reduce memory usage. Loaded Objects now: 2760.
Total: 2.003500 ms (FindLiveObjects: 0.232200 ms CreateObjectMapping: 0.091400 ms MarkObjects: 1.663800 ms  DeleteObjects: 0.015200 ms)

========================================================================
Received Prepare
Registering precompiled user dll's ...
Registered in 0.003844 seconds.
Begin MonoManager ReloadAssembly
Native extension for WindowsStandalone target not found
Refreshing native plugins compatible for Editor in 0.46 ms, found 3 plugins.
Preloading 0 native plugins for Editor in 0.00 ms.
Invoked RoslynAnalysisRunner static constructor.
RoslynAnalysisRunner will not be running.
RoslynAnalysisRunner has terminated.
Mono: successfully reloaded assembly
- Completed reload, in  0.923 seconds
Platform modules already initialized, skipping
Refreshing native plugins compatible for Editor in 0.45 ms, found 3 plugins.
Preloading 0 native plugins for Editor in 0.00 ms.
Unloading 2234 Unused Serialized files (Serialized files now loaded: 0)
System memory in use before: 101.3 MB.
System memory in use after: 101.5 MB.

Unloading 17 unused Assets to reduce memory usage. Loaded Objects now: 2764.
Total: 2.006600 ms (FindLiveObjects: 0.218800 ms CreateObjectMapping: 0.094600 ms MarkObjects: 1.676500 ms  DeleteObjects: 0.015700 ms)

========================================================================
Received Import Request.
  Time since last request: 329.910644 seconds.
  path: Assets/Animations/SkeletonBoss/SkeletonBossAnimController.controller
  artifactKey: Guid(2375ca0f70645514299154458adf1f33) Importer(815301076,1909f56bfc062723c751e8b465ee728b)
Start importing Assets/Animations/SkeletonBoss/SkeletonBossAnimController.controller using Guid(2375ca0f70645514299154458adf1f33) Importer(815301076,1909f56bfc062723c751e8b465ee728b)  -> (artifact id: '4bc8c4bb6101c65035052bb5631f70f8') in 0.018294 seconds
  Import took 0.052070 seconds .

========================================================================
Received Import Request.
  Time since last request: 0.356830 seconds.
  path: Assets/Fonts
  artifactKey: Guid(41db63fdf2b457546921c455a4536d07) Importer(815301076,1909f56bfc062723c751e8b465ee728b)
Start importing Assets/Fonts using Guid(41db63fdf2b457546921c455a4536d07) Importer(815301076,1909f56bfc062723c751e8b465ee728b)  -> (artifact id: '842f390de62ef0ae59d32c17b543f5cc') in 0.010479 seconds
  Import took 0.023491 seconds .

========================================================================
Received Prepare
Registering precompiled user dll's ...
Registered in 0.004395 seconds.
Begin MonoManager ReloadAssembly
Native extension for WindowsStandalone target not found
Refreshing native plugins compatible for Editor in 0.45 ms, found 3 plugins.
Preloading 0 native plugins for Editor in 0.00 ms.
Invoked RoslynAnalysisRunner static constructor.
RoslynAnalysisRunner will not be running.
RoslynAnalysisRunner has terminated.
Mono: successfully reloaded assembly
- Completed reload, in  0.916 seconds
Platform modules already initialized, skipping
Refreshing native plugins compatible for Editor in 0.45 ms, found 3 plugins.
Preloading 0 native plugins for Editor in 0.00 ms.
Unloading 2234 Unused Serialized files (Serialized files now loaded: 0)
System memory in use before: 101.4 MB.
System memory in use after: 101.6 MB.

Unloading 17 unused Assets to reduce memory usage. Loaded Objects now: 2768.
Total: 1.960200 ms (FindLiveObjects: 0.199700 ms CreateObjectMapping: 0.084700 ms MarkObjects: 1.659900 ms  DeleteObjects: 0.015200 ms)

========================================================================
Received Import Request.
  Time since last request: 86.815211 seconds.
  path: Assets/Animations/SkeletonBoss/Spawn.anim
  artifactKey: Guid(168f9fbd2fcfcbe4cb149d74f4a112e2) Importer(815301076,1909f56bfc062723c751e8b465ee728b)
Start importing Assets/Animations/SkeletonBoss/Spawn.anim using Guid(168f9fbd2fcfcbe4cb149d74f4a112e2) Importer(815301076,1909f56bfc062723c751e8b465ee728b)  -> (artifact id: 'e6818d9482850f297ef1796abb0e0893') in 0.017139 seconds
  Import took 0.020363 seconds .

========================================================================
Received Import Request.
  Time since last request: 11.274175 seconds.
  path: Assets/Animations/SkeletonBoss/Walk.anim
  artifactKey: Guid(360c6ebf742ea554bbee8bf93da175dc) Importer(815301076,1909f56bfc062723c751e8b465ee728b)
Start importing Assets/Animations/SkeletonBoss/Walk.anim using Guid(360c6ebf742ea554bbee8bf93da175dc) Importer(815301076,1909f56bfc062723c751e8b465ee728b)  -> (artifact id: '71812ba4a154ab10fd7737215a2958c9') in 0.022894 seconds
  Import took 0.045670 seconds .

========================================================================
Received Import Request.
  Time since last request: 8.490173 seconds.
  path: Assets/Animations/SkeletonBoss/Destroy.anim
  artifactKey: Guid(cd045e0a3f87f414d98ed95a74cdff34) Importer(815301076,1909f56bfc062723c751e8b465ee728b)
Start importing Assets/Animations/SkeletonBoss/Destroy.anim using Guid(cd045e0a3f87f414d98ed95a74cdff34) Importer(815301076,1909f56bfc062723c751e8b465ee728b)  -> (artifact id: 'd042688dbf091e504851a80a8ad69299') in 0.021629 seconds
  Import took 0.044284 seconds .

========================================================================
Received Import Request.
  Time since last request: 6.979202 seconds.
  path: Assets/Gothicvania Cemetery Artwork/Sprites/skeleton-rise
  artifactKey: Guid(57c105dfdb4534ae3a6b65d4d7dba69f) Importer(815301076,1909f56bfc062723c751e8b465ee728b)
Start importing Assets/Gothicvania Cemetery Artwork/Sprites/skeleton-rise using Guid(57c105dfdb4534ae3a6b65d4d7dba69f) Importer(815301076,1909f56bfc062723c751e8b465ee728b)  -> (artifact id: '11777476135f7c223ff2f92fe5374c4d') in 0.005904 seconds
  Import took 0.023105 seconds .

========================================================================
Received Import Request.
  Time since last request: 4.345385 seconds.
  path: Assets/Gothicvania Cemetery Artwork/Sprites/skeleton-rise-clothed/skeleton-rise-clothed-1.png
  artifactKey: Guid(6cb7136c0ba4d493bbb512266a2e5b51) Importer(815301076,1909f56bfc062723c751e8b465ee728b)
Start importing Assets/Gothicvania Cemetery Artwork/Sprites/skeleton-rise-clothed/skeleton-rise-clothed-1.png using Guid(6cb7136c0ba4d493bbb512266a2e5b51) Importer(815301076,1909f56bfc062723c751e8b465ee728b)  -> (artifact id: 'b7b34de320741485056399bec830a070') in 0.039497 seconds
  Import took 0.054769 seconds .

========================================================================
Received Import Request.
  Time since last request: 1.040342 seconds.
  path: Assets/Gothicvania Cemetery Artwork/Sprites/skeleton-rise-clothed/skeleton-rise-clothed-3.png
  artifactKey: Guid(15e89fc30d0344bd08e0f0150acc0784) Importer(815301076,1909f56bfc062723c751e8b465ee728b)
Start importing Assets/Gothicvania Cemetery Artwork/Sprites/skeleton-rise-clothed/skeleton-rise-clothed-3.png using Guid(15e89fc30d0344bd08e0f0150acc0784) Importer(815301076,1909f56bfc062723c751e8b465ee728b)  -> (artifact id: '214b460420c38b8d621b96a060acc591') in 0.011529 seconds
  Import took 0.039563 seconds .

========================================================================
Received Import Request.
  Time since last request: 4.297486 seconds.
  path: Assets/Gothicvania Cemetery Artwork/Sprites/skeleton-rise-clothed/skeleton-rise-clothed-3.png
  artifactKey: Guid(15e89fc30d0344bd08e0f0150acc0784) Importer(815301076,1909f56bfc062723c751e8b465ee728b)
Start importing Assets/Gothicvania Cemetery Artwork/Sprites/skeleton-rise-clothed/skeleton-rise-clothed-3.png using Guid(15e89fc30d0344bd08e0f0150acc0784) Importer(815301076,1909f56bfc062723c751e8b465ee728b)  -> (artifact id: 'dbe9357e2fda2a22c834bf425d857af5') in 0.014665 seconds
  Import took 0.018081 seconds .

========================================================================
Received Import Request.
  Time since last request: 52.966431 seconds.
  path: Assets/Gothicvania Cemetery Artwork/Sprites/skeleton-rise-clothed/skeleton-rise-clothed-2.png
  artifactKey: Guid(9eaaf68ff0eb54a8ab06f31875a178f6) Importer(815301076,1909f56bfc062723c751e8b465ee728b)
Start importing Assets/Gothicvania Cemetery Artwork/Sprites/skeleton-rise-clothed/skeleton-rise-clothed-2.png using Guid(9eaaf68ff0eb54a8ab06f31875a178f6) Importer(815301076,1909f56bfc062723c751e8b465ee728b)  -> (artifact id: '958717f34e6972bb1ceb13b8e817a3dd') in 0.015540 seconds
  Import took 0.040507 seconds .

========================================================================
Received Import Request.
  Time since last request: 0.299454 seconds.
  path: Assets/Gothicvania Cemetery Artwork/Sprites/skeleton-rise-clothed/skeleton-rise-clothed-1.png
  artifactKey: Guid(6cb7136c0ba4d493bbb512266a2e5b51) Importer(815301076,1909f56bfc062723c751e8b465ee728b)
Start importing Assets/Gothicvania Cemetery Artwork/Sprites/skeleton-rise-clothed/skeleton-rise-clothed-1.png using Guid(6cb7136c0ba4d493bbb512266a2e5b51) Importer(815301076,1909f56bfc062723c751e8b465ee728b)  -> (artifact id: 'fa70c1358c6c057467d29f56e7817212') in 0.024874 seconds
  Import took 0.044619 seconds .

========================================================================
Received Import Request.
  Time since last request: 2.904297 seconds.
  path: Assets/Gothicvania Cemetery Artwork/Sprites/skeleton-rise-clothed/skeleton-rise-clothed-4.png
  artifactKey: Guid(ed345a60cd6d0486aa82504a9709b681) Importer(815301076,1909f56bfc062723c751e8b465ee728b)
Start importing Assets/Gothicvania Cemetery Artwork/Sprites/skeleton-rise-clothed/skeleton-rise-clothed-4.png using Guid(ed345a60cd6d0486aa82504a9709b681) Importer(815301076,1909f56bfc062723c751e8b465ee728b)  -> (artifact id: '1f6e0064e842f3d84b8c2b508fc82110') in 0.012210 seconds
  Import took 0.016126 seconds .

========================================================================
Received Import Request.
  Time since last request: 0.000245 seconds.
  path: Assets/Gothicvania Cemetery Artwork/Sprites/skeleton-rise-clothed/skeleton-rise-clothed-5.png
  artifactKey: Guid(6d4734b50e97f44faac533f157541747) Importer(815301076,1909f56bfc062723c751e8b465ee728b)
Start importing Assets/Gothicvania Cemetery Artwork/Sprites/skeleton-rise-clothed/skeleton-rise-clothed-5.png using Guid(6d4734b50e97f44faac533f157541747) Importer(815301076,1909f56bfc062723c751e8b465ee728b)  -> (artifact id: '527c525e2b8057cdf38c4577099b84e4') in 0.010636 seconds
  Import took 0.014512 seconds .

========================================================================
Received Import Request.
  Time since last request: 0.000226 seconds.
  path: Assets/Gothicvania Cemetery Artwork/Sprites/skeleton-rise-clothed/skeleton-rise-clothed-6.png
  artifactKey: Guid(ca87ac09c54d344189c647616db15797) Importer(815301076,1909f56bfc062723c751e8b465ee728b)
Start importing Assets/Gothicvania Cemetery Artwork/Sprites/skeleton-rise-clothed/skeleton-rise-clothed-6.png using Guid(ca87ac09c54d344189c647616db15797) Importer(815301076,1909f56bfc062723c751e8b465ee728b)  -> (artifact id: '967e981b5273c7520ca3415ae33b9baa') in 0.015594 seconds
  Import took 0.019202 seconds .

========================================================================
Received Import Request.
  Time since last request: 53.922176 seconds.
  path: Assets/Gothicvania Cemetery Artwork/Sprites/skeleton-clothed/skeleton-clothed-2.png
  artifactKey: Guid(f143b7e32458a4ac3b29c519ff920e70) Importer(815301076,1909f56bfc062723c751e8b465ee728b)
Start importing Assets/Gothicvania Cemetery Artwork/Sprites/skeleton-clothed/skeleton-clothed-2.png using Guid(f143b7e32458a4ac3b29c519ff920e70) Importer(815301076,1909f56bfc062723c751e8b465ee728b)  -> (artifact id: 'bfa99c204f7ee15dccd67cde735e8504') in 0.012023 seconds
  Import took 0.042515 seconds .

========================================================================
Received Import Request.
  Time since last request: 0.000244 seconds.
  path: Assets/Gothicvania Cemetery Artwork/Sprites/skeleton-clothed/skeleton-clothed-4.png
  artifactKey: Guid(c7d83ea6e359a4ee9943372cba4542d0) Importer(815301076,1909f56bfc062723c751e8b465ee728b)
Start importing Assets/Gothicvania Cemetery Artwork/Sprites/skeleton-clothed/skeleton-clothed-4.png using Guid(c7d83ea6e359a4ee9943372cba4542d0) Importer(815301076,1909f56bfc062723c751e8b465ee728b)  -> (artifact id: 'f61e4cd7933304cc401fe5f52a859b51') in 0.038498 seconds
  Import took 0.053455 seconds .

========================================================================
Received Import Request.
  Time since last request: 0.000249 seconds.
  path: Assets/Gothicvania Cemetery Artwork/Sprites/skeleton-clothed/skeleton-clothed-6.png
  artifactKey: Guid(10600c70f060b46808cda88dd6de6104) Importer(815301076,1909f56bfc062723c751e8b465ee728b)
Start importing Assets/Gothicvania Cemetery Artwork/Sprites/skeleton-clothed/skeleton-clothed-6.png using Guid(10600c70f060b46808cda88dd6de6104) Importer(815301076,1909f56bfc062723c751e8b465ee728b)  -> (artifact id: '34d3842162307d085d543574df4cbcca') in 0.013500 seconds
  Import took 0.016951 seconds .

========================================================================
Received Import Request.
  Time since last request: 0.000224 seconds.
  path: Assets/Gothicvania Cemetery Artwork/Sprites/skeleton-clothed/skeleton-clothed-5.png
  artifactKey: Guid(aabc1c19f969648f1b7f276f8fbe99c8) Importer(815301076,1909f56bfc062723c751e8b465ee728b)
Start importing Assets/Gothicvania Cemetery Artwork/Sprites/skeleton-clothed/skeleton-clothed-5.png using Guid(aabc1c19f969648f1b7f276f8fbe99c8) Importer(815301076,1909f56bfc062723c751e8b465ee728b)  -> (artifact id: '60a72f210c46b35119256e869c821252') in 0.010672 seconds
  Import took 0.021628 seconds .

========================================================================
Received Import Request.
  Time since last request: 0.000235 seconds.
  path: Assets/Gothicvania Cemetery Artwork/Sprites/skeleton-clothed/skeleton-clothed-8.png
  artifactKey: Guid(ca4274691df674ee4a7c71fcc3d229d1) Importer(815301076,1909f56bfc062723c751e8b465ee728b)
Start importing Assets/Gothicvania Cemetery Artwork/Sprites/skeleton-clothed/skeleton-clothed-8.png using Guid(ca4274691df674ee4a7c71fcc3d229d1) Importer(815301076,1909f56bfc062723c751e8b465ee728b)  -> (artifact id: '57cf35cd70e902d40b58420835f4b462') in 0.012513 seconds
  Import took 0.026524 seconds .

========================================================================
Received Import Request.
  Time since last request: 0.000243 seconds.
  path: Assets/Gothicvania Cemetery Artwork/Sprites/skeleton-clothed/skeleton-clothed-7.png
  artifactKey: Guid(a56bbfeb88ec440b5bc29a32f5368038) Importer(815301076,1909f56bfc062723c751e8b465ee728b)
Start importing Assets/Gothicvania Cemetery Artwork/Sprites/skeleton-clothed/skeleton-clothed-7.png using Guid(a56bbfeb88ec440b5bc29a32f5368038) Importer(815301076,1909f56bfc062723c751e8b465ee728b)  -> (artifact id: 'ba45749fc5697446016ca38a8f7970b4') in 0.012908 seconds
  Import took 0.020760 seconds .

========================================================================
Received Import Request.
  Time since last request: 0.000227 seconds.
  path: Assets/Gothicvania Cemetery Artwork/Sprites/skeleton-clothed/skeleton-clothed-3.png
  artifactKey: Guid(9fb83bc13a73444cd84409f9632bf64b) Importer(815301076,1909f56bfc062723c751e8b465ee728b)
Start importing Assets/Gothicvania Cemetery Artwork/Sprites/skeleton-clothed/skeleton-clothed-3.png using Guid(9fb83bc13a73444cd84409f9632bf64b) Importer(815301076,1909f56bfc062723c751e8b465ee728b)  -> (artifact id: '3e97718d634cf20ee906304f0a31d663') in 0.014728 seconds
  Import took 0.026991 seconds .

========================================================================
Received Prepare
Registering precompiled user dll's ...
Registered in 0.003816 seconds.
Begin MonoManager ReloadAssembly
Native extension for WindowsStandalone target not found
Refreshing native plugins compatible for Editor in 0.46 ms, found 3 plugins.
Preloading 0 native plugins for Editor in 0.00 ms.
Invoked RoslynAnalysisRunner static constructor.
RoslynAnalysisRunner will not be running.
RoslynAnalysisRunner has terminated.
Mono: successfully reloaded assembly
- Completed reload, in  0.912 seconds
Platform modules already initialized, skipping
Refreshing native plugins compatible for Editor in 0.49 ms, found 3 plugins.
Preloading 0 native plugins for Editor in 0.00 ms.
Unloading 2234 Unused Serialized files (Serialized files now loaded: 0)
System memory in use before: 101.5 MB.
System memory in use after: 101.8 MB.

Unloading 17 unused Assets to reduce memory usage. Loaded Objects now: 2773.
Total: 1.967900 ms (FindLiveObjects: 0.201100 ms CreateObjectMapping: 0.085800 ms MarkObjects: 1.665300 ms  DeleteObjects: 0.014900 ms)

========================================================================
Received Prepare
Registering precompiled user dll's ...
Registered in 0.003942 seconds.
Begin MonoManager ReloadAssembly
Native extension for WindowsStandalone target not found
Refreshing native plugins compatible for Editor in 0.47 ms, found 3 plugins.
Preloading 0 native plugins for Editor in 0.00 ms.
Invoked RoslynAnalysisRunner static constructor.
RoslynAnalysisRunner will not be running.
RoslynAnalysisRunner has terminated.
Mono: successfully reloaded assembly
- Completed reload, in  0.908 seconds
Platform modules already initialized, skipping
Refreshing native plugins compatible for Editor in 0.44 ms, found 3 plugins.
Preloading 0 native plugins for Editor in 0.00 ms.
Unloading 2234 Unused Serialized files (Serialized files now loaded: 0)
System memory in use before: 101.6 MB.
System memory in use after: 101.8 MB.

Unloading 17 unused Assets to reduce memory usage. Loaded Objects now: 2777.
Total: 2.132000 ms (FindLiveObjects: 0.241000 ms CreateObjectMapping: 0.110400 ms MarkObjects: 1.764000 ms  DeleteObjects: 0.015800 ms)

========================================================================
Received Prepare
Registering precompiled user dll's ...
Registered in 0.004250 seconds.
Begin MonoManager ReloadAssembly
Native extension for WindowsStandalone target not found
Refreshing native plugins compatible for Editor in 0.46 ms, found 3 plugins.
Preloading 0 native plugins for Editor in 0.00 ms.
Invoked RoslynAnalysisRunner static constructor.
RoslynAnalysisRunner will not be running.
RoslynAnalysisRunner has terminated.
Mono: successfully reloaded assembly
- Completed reload, in  0.904 seconds
Platform modules already initialized, skipping
Refreshing native plugins compatible for Editor in 0.48 ms, found 3 plugins.
Preloading 0 native plugins for Editor in 0.00 ms.
Unloading 2234 Unused Serialized files (Serialized files now loaded: 0)
System memory in use before: 101.6 MB.
System memory in use after: 101.8 MB.

Unloading 17 unused Assets to reduce memory usage. Loaded Objects now: 2781.
Total: 2.176400 ms (FindLiveObjects: 0.292600 ms CreateObjectMapping: 0.101000 ms MarkObjects: 1.766300 ms  DeleteObjects: 0.015600 ms)

========================================================================
Received Prepare
Registering precompiled user dll's ...
Registered in 0.003958 seconds.
Begin MonoManager ReloadAssembly
Native extension for WindowsStandalone target not found
Refreshing native plugins compatible for Editor in 0.45 ms, found 3 plugins.
Preloading 0 native plugins for Editor in 0.00 ms.
Invoked RoslynAnalysisRunner static constructor.
RoslynAnalysisRunner will not be running.
RoslynAnalysisRunner has terminated.
Mono: successfully reloaded assembly
- Completed reload, in  0.911 seconds
Platform modules already initialized, skipping
Refreshing native plugins compatible for Editor in 0.44 ms, found 3 plugins.
Preloading 0 native plugins for Editor in 0.00 ms.
Unloading 2234 Unused Serialized files (Serialized files now loaded: 0)
System memory in use before: 101.5 MB.
System memory in use after: 101.7 MB.

Unloading 17 unused Assets to reduce memory usage. Loaded Objects now: 2785.
Total: 2.015400 ms (FindLiveObjects: 0.211700 ms CreateObjectMapping: 0.093000 ms MarkObjects: 1.694800 ms  DeleteObjects: 0.014900 ms)

========================================================================
Received Prepare
Registering precompiled user dll's ...
Registered in 0.003865 seconds.
Begin MonoManager ReloadAssembly
Native extension for WindowsStandalone target not found
Refreshing native plugins compatible for Editor in 0.46 ms, found 3 plugins.
Preloading 0 native plugins for Editor in 0.00 ms.
Invoked RoslynAnalysisRunner static constructor.
RoslynAnalysisRunner will not be running.
RoslynAnalysisRunner has terminated.
Mono: successfully reloaded assembly
- Completed reload, in  0.990 seconds
Platform modules already initialized, skipping
Refreshing native plugins compatible for Editor in 0.44 ms, found 3 plugins.
Preloading 0 native plugins for Editor in 0.00 ms.
Unloading 2234 Unused Serialized files (Serialized files now loaded: 0)
System memory in use before: 101.6 MB.
System memory in use after: 101.8 MB.

Unloading 17 unused Assets to reduce memory usage. Loaded Objects now: 2789.
Total: 2.058100 ms (FindLiveObjects: 0.214200 ms CreateObjectMapping: 0.096900 ms MarkObjects: 1.730400 ms  DeleteObjects: 0.016000 ms)

========================================================================
Received Import Request.
  Time since last request: 3012.923855 seconds.
  path: Assets/Animations/SkeletonBoss/SkeletonBossAnimController.controller
  artifactKey: Guid(2375ca0f70645514299154458adf1f33) Importer(815301076,1909f56bfc062723c751e8b465ee728b)
Start importing Assets/Animations/SkeletonBoss/SkeletonBossAnimController.controller using Guid(2375ca0f70645514299154458adf1f33) Importer(815301076,1909f56bfc062723c751e8b465ee728b)  -> (artifact id: 'e1fee0f0ed41828686007d1ddc261095') in 0.020982 seconds
  Import took 0.050262 seconds .

========================================================================
Received Import Request.
  Time since last request: 22.106108 seconds.
  path: Assets/Animations/Ghost/GhostAnimationController.controller
  artifactKey: Guid(90acc614dd8ec7942bfbe0680323faf6) Importer(815301076,1909f56bfc062723c751e8b465ee728b)
Start importing Assets/Animations/Ghost/GhostAnimationController.controller using Guid(90acc614dd8ec7942bfbe0680323faf6) Importer(815301076,1909f56bfc062723c751e8b465ee728b)  -> (artifact id: '286eee173bbf7a403f1d037cc9bf8b92') in 0.048712 seconds
  Import took 0.061313 seconds .

========================================================================
Received Import Request.
  Time since last request: 1230.289583 seconds.
  path: Assets/Gothicvania Cemetery Artwork/Scenes/Boss.unity
  artifactKey: Guid(ef49a4452f2a6734bad70bcb60bd1478) Importer(815301076,1909f56bfc062723c751e8b465ee728b)
Start importing Assets/Gothicvania Cemetery Artwork/Scenes/Boss.unity using Guid(ef49a4452f2a6734bad70bcb60bd1478) Importer(815301076,1909f56bfc062723c751e8b465ee728b)  -> (artifact id: '50b93cffc910ab5ed9222ef7a2af7d52') in 0.006964 seconds
  Import took 0.029198 seconds .

========================================================================
Received Prepare
Registering precompiled user dll's ...
Registered in 0.003937 seconds.
Begin MonoManager ReloadAssembly
Native extension for WindowsStandalone target not found
Refreshing native plugins compatible for Editor in 0.45 ms, found 3 plugins.
Preloading 0 native plugins for Editor in 0.00 ms.
Invoked RoslynAnalysisRunner static constructor.
RoslynAnalysisRunner will not be running.
RoslynAnalysisRunner has terminated.
Mono: successfully reloaded assembly
- Completed reload, in  0.938 seconds
Platform modules already initialized, skipping
Refreshing native plugins compatible for Editor in 0.48 ms, found 3 plugins.
Preloading 0 native plugins for Editor in 0.00 ms.
Unloading 2234 Unused Serialized files (Serialized files now loaded: 0)
System memory in use before: 101.6 MB.
System memory in use after: 101.8 MB.

Unloading 17 unused Assets to reduce memory usage. Loaded Objects now: 2793.
Total: 2.036200 ms (FindLiveObjects: 0.243200 ms CreateObjectMapping: 0.101000 ms MarkObjects: 1.674400 ms  DeleteObjects: 0.016800 ms)

========================================================================
Received Prepare
Registering precompiled user dll's ...
Registered in 0.003814 seconds.
Begin MonoManager ReloadAssembly
Native extension for WindowsStandalone target not found
Refreshing native plugins compatible for Editor in 0.46 ms, found 3 plugins.
Preloading 0 native plugins for Editor in 0.00 ms.
Invoked RoslynAnalysisRunner static constructor.
RoslynAnalysisRunner will not be running.
RoslynAnalysisRunner has terminated.
Mono: successfully reloaded assembly
- Completed reload, in  0.929 seconds
Platform modules already initialized, skipping
Refreshing native plugins compatible for Editor in 0.45 ms, found 3 plugins.
Preloading 0 native plugins for Editor in 0.00 ms.
Unloading 2234 Unused Serialized files (Serialized files now loaded: 0)
System memory in use before: 101.6 MB.
System memory in use after: 101.8 MB.

Unloading 17 unused Assets to reduce memory usage. Loaded Objects now: 2797.
Total: 2.261600 ms (FindLiveObjects: 0.285200 ms CreateObjectMapping: 0.112900 ms MarkObjects: 1.844700 ms  DeleteObjects: 0.017800 ms)

========================================================================
Received Prepare
Registering precompiled user dll's ...
Registered in 0.003915 seconds.
Begin MonoManager ReloadAssembly
Native extension for WindowsStandalone target not found
Refreshing native plugins compatible for Editor in 0.46 ms, found 3 plugins.
Preloading 0 native plugins for Editor in 0.00 ms.
Invoked RoslynAnalysisRunner static constructor.
RoslynAnalysisRunner will not be running.
RoslynAnalysisRunner has terminated.
Mono: successfully reloaded assembly
- Completed reload, in  0.919 seconds
Platform modules already initialized, skipping
Refreshing native plugins compatible for Editor in 0.46 ms, found 3 plugins.
Preloading 0 native plugins for Editor in 0.00 ms.
Unloading 2234 Unused Serialized files (Serialized files now loaded: 0)
System memory in use before: 101.6 MB.
System memory in use after: 101.8 MB.

Unloading 17 unused Assets to reduce memory usage. Loaded Objects now: 2801.
Total: 2.020400 ms (FindLiveObjects: 0.218800 ms CreateObjectMapping: 0.092400 ms MarkObjects: 1.691600 ms  DeleteObjects: 0.016600 ms)

========================================================================
Received Prepare
Registering precompiled user dll's ...
Registered in 0.003885 seconds.
Begin MonoManager ReloadAssembly
Native extension for WindowsStandalone target not found
Refreshing native plugins compatible for Editor in 0.45 ms, found 3 plugins.
Preloading 0 native plugins for Editor in 0.00 ms.
Invoked RoslynAnalysisRunner static constructor.
RoslynAnalysisRunner will not be running.
RoslynAnalysisRunner has terminated.
Mono: successfully reloaded assembly
- Completed reload, in  0.929 seconds
Platform modules already initialized, skipping
Refreshing native plugins compatible for Editor in 0.44 ms, found 3 plugins.
Preloading 0 native plugins for Editor in 0.00 ms.
Unloading 2234 Unused Serialized files (Serialized files now loaded: 0)
System memory in use before: 101.5 MB.
System memory in use after: 101.7 MB.

Unloading 17 unused Assets to reduce memory usage. Loaded Objects now: 2805.
Total: 2.161100 ms (FindLiveObjects: 0.243800 ms CreateObjectMapping: 0.158500 ms MarkObjects: 1.740900 ms  DeleteObjects: 0.017100 ms)

========================================================================
Received Prepare
Registering precompiled user dll's ...
Registered in 0.003806 seconds.
Begin MonoManager ReloadAssembly
Native extension for WindowsStandalone target not found
Refreshing native plugins compatible for Editor in 0.46 ms, found 3 plugins.
Preloading 0 native plugins for Editor in 0.00 ms.
Invoked RoslynAnalysisRunner static constructor.
RoslynAnalysisRunner will not be running.
RoslynAnalysisRunner has terminated.
Mono: successfully reloaded assembly
- Completed reload, in  0.941 seconds
Platform modules already initialized, skipping
Refreshing native plugins compatible for Editor in 0.49 ms, found 3 plugins.
Preloading 0 native plugins for Editor in 0.00 ms.
Unloading 2234 Unused Serialized files (Serialized files now loaded: 0)
System memory in use before: 101.6 MB.
System memory in use after: 101.9 MB.

Unloading 17 unused Assets to reduce memory usage. Loaded Objects now: 2809.
Total: 2.192800 ms (FindLiveObjects: 0.252200 ms CreateObjectMapping: 0.113600 ms MarkObjects: 1.807800 ms  DeleteObjects: 0.018200 ms)

========================================================================
Received Prepare
Registering precompiled user dll's ...
Registered in 0.003975 seconds.
Begin MonoManager ReloadAssembly
Native extension for WindowsStandalone target not found
Refreshing native plugins compatible for Editor in 0.45 ms, found 3 plugins.
Preloading 0 native plugins for Editor in 0.00 ms.
Invoked RoslynAnalysisRunner static constructor.
RoslynAnalysisRunner will not be running.
RoslynAnalysisRunner has terminated.
Mono: successfully reloaded assembly
- Completed reload, in  0.928 seconds
Platform modules already initialized, skipping
Refreshing native plugins compatible for Editor in 0.45 ms, found 3 plugins.
Preloading 0 native plugins for Editor in 0.00 ms.
Unloading 2234 Unused Serialized files (Serialized files now loaded: 0)
System memory in use before: 101.6 MB.
System memory in use after: 101.9 MB.

Unloading 17 unused Assets to reduce memory usage. Loaded Objects now: 2813.
Total: 2.084000 ms (FindLiveObjects: 0.238300 ms CreateObjectMapping: 0.105700 ms MarkObjects: 1.723900 ms  DeleteObjects: 0.015200 ms)

========================================================================
Received Import Request.
  Time since last request: 392.911430 seconds.
  path: Assets/Gothicvania Cemetery Artwork/Scenes/Boss.unity
  artifactKey: Guid(ef49a4452f2a6734bad70bcb60bd1478) Importer(815301076,1909f56bfc062723c751e8b465ee728b)
Start importing Assets/Gothicvania Cemetery Artwork/Scenes/Boss.unity using Guid(ef49a4452f2a6734bad70bcb60bd1478) Importer(815301076,1909f56bfc062723c751e8b465ee728b)  -> (artifact id: '41207b44f3eccb404aedd102792a246f') in 0.011535 seconds
  Import took 0.389075 seconds .

========================================================================
Received Prepare
Registering precompiled user dll's ...
Registered in 0.003817 seconds.
Begin MonoManager ReloadAssembly
Native extension for WindowsStandalone target not found
Refreshing native plugins compatible for Editor in 0.46 ms, found 3 plugins.
Preloading 0 native plugins for Editor in 0.00 ms.
Invoked RoslynAnalysisRunner static constructor.
RoslynAnalysisRunner will not be running.
RoslynAnalysisRunner has terminated.
Mono: successfully reloaded assembly
- Completed reload, in  0.933 seconds
Platform modules already initialized, skipping
Refreshing native plugins compatible for Editor in 0.47 ms, found 3 plugins.
Preloading 0 native plugins for Editor in 0.00 ms.
Unloading 2234 Unused Serialized files (Serialized files now loaded: 0)
System memory in use before: 101.7 MB.
System memory in use after: 101.9 MB.

Unloading 17 unused Assets to reduce memory usage. Loaded Objects now: 2817.
Total: 2.233700 ms (FindLiveObjects: 0.230800 ms CreateObjectMapping: 0.100200 ms MarkObjects: 1.883900 ms  DeleteObjects: 0.017800 ms)

========================================================================
Received Prepare
Registering precompiled user dll's ...
Registered in 0.003893 seconds.
Begin MonoManager ReloadAssembly
Native extension for WindowsStandalone target not found
Refreshing native plugins compatible for Editor in 0.46 ms, found 3 plugins.
Preloading 0 native plugins for Editor in 0.00 ms.
Invoked RoslynAnalysisRunner static constructor.
RoslynAnalysisRunner will not be running.
RoslynAnalysisRunner has terminated.
Mono: successfully reloaded assembly
- Completed reload, in  0.920 seconds
Platform modules already initialized, skipping
Refreshing native plugins compatible for Editor in 0.46 ms, found 3 plugins.
Preloading 0 native plugins for Editor in 0.00 ms.
Unloading 2234 Unused Serialized files (Serialized files now loaded: 0)
System memory in use before: 101.6 MB.
System memory in use after: 101.9 MB.

Unloading 17 unused Assets to reduce memory usage. Loaded Objects now: 2821.
Total: 2.243800 ms (FindLiveObjects: 0.241700 ms CreateObjectMapping: 0.106700 ms MarkObjects: 1.875200 ms  DeleteObjects: 0.019500 ms)

========================================================================
Received Prepare
Registering precompiled user dll's ...
Registered in 0.003762 seconds.
Begin MonoManager ReloadAssembly
Native extension for WindowsStandalone target not found
Refreshing native plugins compatible for Editor in 0.45 ms, found 3 plugins.
Preloading 0 native plugins for Editor in 0.00 ms.
Invoked RoslynAnalysisRunner static constructor.
RoslynAnalysisRunner will not be running.
RoslynAnalysisRunner has terminated.
Mono: successfully reloaded assembly
- Completed reload, in  0.963 seconds
Platform modules already initialized, skipping
Refreshing native plugins compatible for Editor in 0.45 ms, found 3 plugins.
Preloading 0 native plugins for Editor in 0.00 ms.
Unloading 2234 Unused Serialized files (Serialized files now loaded: 0)
System memory in use before: 101.6 MB.
System memory in use after: 101.8 MB.

Unloading 17 unused Assets to reduce memory usage. Loaded Objects now: 2825.
Total: 2.148700 ms (FindLiveObjects: 0.213800 ms CreateObjectMapping: 0.089300 ms MarkObjects: 1.826200 ms  DeleteObjects: 0.018100 ms)

========================================================================
Received Prepare
Registering precompiled user dll's ...
Registered in 0.126390 seconds.
Begin MonoManager ReloadAssembly
Native extension for WindowsStandalone target not found
Refreshing native plugins compatible for Editor in 0.50 ms, found 3 plugins.
Preloading 0 native plugins for Editor in 0.00 ms.
Invoked RoslynAnalysisRunner static constructor.
RoslynAnalysisRunner will not be running.
RoslynAnalysisRunner has terminated.
Mono: successfully reloaded assembly
- Completed reload, in  1.149 seconds
Platform modules already initialized, skipping
Refreshing native plugins compatible for Editor in 0.45 ms, found 3 plugins.
Preloading 0 native plugins for Editor in 0.00 ms.
Unloading 2234 Unused Serialized files (Serialized files now loaded: 0)
System memory in use before: 101.7 MB.
System memory in use after: 101.9 MB.

Unloading 17 unused Assets to reduce memory usage. Loaded Objects now: 2829.
Total: 2.164800 ms (FindLiveObjects: 0.223500 ms CreateObjectMapping: 0.104800 ms MarkObjects: 1.818300 ms  DeleteObjects: 0.017400 ms)

========================================================================
Received Prepare
Registering precompiled user dll's ...
Registered in 0.003730 seconds.
Begin MonoManager ReloadAssembly
Native extension for WindowsStandalone target not found
Refreshing native plugins compatible for Editor in 0.46 ms, found 3 plugins.
Preloading 0 native plugins for Editor in 0.00 ms.
Invoked RoslynAnalysisRunner static constructor.
RoslynAnalysisRunner will not be running.
RoslynAnalysisRunner has terminated.
Mono: successfully reloaded assembly
- Completed reload, in  0.934 seconds
Platform modules already initialized, skipping
Refreshing native plugins compatible for Editor in 0.54 ms, found 3 plugins.
Preloading 0 native plugins for Editor in 0.00 ms.
Unloading 2234 Unused Serialized files (Serialized files now loaded: 0)
System memory in use before: 101.7 MB.
System memory in use after: 101.9 MB.

Unloading 17 unused Assets to reduce memory usage. Loaded Objects now: 2833.
Total: 2.561700 ms (FindLiveObjects: 0.254900 ms CreateObjectMapping: 0.160200 ms MarkObjects: 2.110200 ms  DeleteObjects: 0.035200 ms)

========================================================================
Received Prepare
Registering precompiled user dll's ...
Registered in 0.003869 seconds.
Begin MonoManager ReloadAssembly
Native extension for WindowsStandalone target not found
Refreshing native plugins compatible for Editor in 0.46 ms, found 3 plugins.
Preloading 0 native plugins for Editor in 0.00 ms.
Invoked RoslynAnalysisRunner static constructor.
RoslynAnalysisRunner will not be running.
RoslynAnalysisRunner has terminated.
Mono: successfully reloaded assembly
- Completed reload, in  0.923 seconds
Platform modules already initialized, skipping
Refreshing native plugins compatible for Editor in 0.46 ms, found 3 plugins.
Preloading 0 native plugins for Editor in 0.00 ms.
Unloading 2234 Unused Serialized files (Serialized files now loaded: 0)
System memory in use before: 101.7 MB.
System memory in use after: 101.9 MB.

Unloading 17 unused Assets to reduce memory usage. Loaded Objects now: 2837.
Total: 2.070100 ms (FindLiveObjects: 0.215000 ms CreateObjectMapping: 0.088000 ms MarkObjects: 1.745300 ms  DeleteObjects: 0.020700 ms)

========================================================================
Received Prepare
Registering precompiled user dll's ...
Registered in 0.003808 seconds.
Begin MonoManager ReloadAssembly
Native extension for WindowsStandalone target not found
Refreshing native plugins compatible for Editor in 0.46 ms, found 3 plugins.
Preloading 0 native plugins for Editor in 0.00 ms.
Invoked RoslynAnalysisRunner static constructor.
RoslynAnalysisRunner will not be running.
RoslynAnalysisRunner has terminated.
Mono: successfully reloaded assembly
- Completed reload, in  0.912 seconds
Platform modules already initialized, skipping
Refreshing native plugins compatible for Editor in 0.48 ms, found 3 plugins.
Preloading 0 native plugins for Editor in 0.00 ms.
Unloading 2234 Unused Serialized files (Serialized files now loaded: 0)
System memory in use before: 101.7 MB.
System memory in use after: 101.9 MB.

Unloading 17 unused Assets to reduce memory usage. Loaded Objects now: 2841.
Total: 2.285000 ms (FindLiveObjects: 0.271800 ms CreateObjectMapping: 0.122400 ms MarkObjects: 1.872300 ms  DeleteObjects: 0.017600 ms)

========================================================================
Received Prepare
Registering precompiled user dll's ...
Registered in 0.003976 seconds.
Begin MonoManager ReloadAssembly
Native extension for WindowsStandalone target not found
Refreshing native plugins compatible for Editor in 0.45 ms, found 3 plugins.
Preloading 0 native plugins for Editor in 0.00 ms.
Invoked RoslynAnalysisRunner static constructor.
RoslynAnalysisRunner will not be running.
RoslynAnalysisRunner has terminated.
Mono: successfully reloaded assembly
- Completed reload, in  0.969 seconds
Platform modules already initialized, skipping
Refreshing native plugins compatible for Editor in 0.55 ms, found 3 plugins.
Preloading 0 native plugins for Editor in 0.00 ms.
Unloading 2234 Unused Serialized files (Serialized files now loaded: 0)
System memory in use before: 101.6 MB.
System memory in use after: 101.8 MB.

Unloading 17 unused Assets to reduce memory usage. Loaded Objects now: 2845.
Total: 2.169000 ms (FindLiveObjects: 0.235700 ms CreateObjectMapping: 0.098700 ms MarkObjects: 1.811100 ms  DeleteObjects: 0.022200 ms)

========================================================================
Received Prepare
Registering precompiled user dll's ...
Registered in 0.004285 seconds.
Begin MonoManager ReloadAssembly
Native extension for WindowsStandalone target not found
Refreshing native plugins compatible for Editor in 0.48 ms, found 3 plugins.
Preloading 0 native plugins for Editor in 0.00 ms.
Invoked RoslynAnalysisRunner static constructor.
RoslynAnalysisRunner will not be running.
RoslynAnalysisRunner has terminated.
Mono: successfully reloaded assembly
- Completed reload, in  1.034 seconds
Platform modules already initialized, skipping
Refreshing native plugins compatible for Editor in 0.48 ms, found 3 plugins.
Preloading 0 native plugins for Editor in 0.00 ms.
Unloading 2234 Unused Serialized files (Serialized files now loaded: 0)
System memory in use before: 101.7 MB.
System memory in use after: 101.9 MB.

Unloading 17 unused Assets to reduce memory usage. Loaded Objects now: 2849.
Total: 2.286100 ms (FindLiveObjects: 0.254700 ms CreateObjectMapping: 0.108200 ms MarkObjects: 1.798800 ms  DeleteObjects: 0.123300 ms)

========================================================================
Received Prepare
Registering precompiled user dll's ...
Registered in 0.004018 seconds.
Begin MonoManager ReloadAssembly
Native extension for WindowsStandalone target not found
Refreshing native plugins compatible for Editor in 0.45 ms, found 3 plugins.
Preloading 0 native plugins for Editor in 0.00 ms.
Invoked RoslynAnalysisRunner static constructor.
RoslynAnalysisRunner will not be running.
RoslynAnalysisRunner has terminated.
Mono: successfully reloaded assembly
- Completed reload, in  0.906 seconds
Platform modules already initialized, skipping
Refreshing native plugins compatible for Editor in 0.45 ms, found 3 plugins.
Preloading 0 native plugins for Editor in 0.00 ms.
Unloading 2234 Unused Serialized files (Serialized files now loaded: 0)
System memory in use before: 101.7 MB.
System memory in use after: 101.9 MB.

Unloading 17 unused Assets to reduce memory usage. Loaded Objects now: 2853.
Total: 2.125100 ms (FindLiveObjects: 0.245000 ms CreateObjectMapping: 0.115100 ms MarkObjects: 1.740700 ms  DeleteObjects: 0.023200 ms)

========================================================================
Received Prepare
Registering precompiled user dll's ...
Registered in 0.003830 seconds.
Begin MonoManager ReloadAssembly
Native extension for WindowsStandalone target not found
Refreshing native plugins compatible for Editor in 0.47 ms, found 3 plugins.
Preloading 0 native plugins for Editor in 0.00 ms.
Invoked RoslynAnalysisRunner static constructor.
RoslynAnalysisRunner will not be running.
RoslynAnalysisRunner has terminated.
Mono: successfully reloaded assembly
- Completed reload, in  0.918 seconds
Platform modules already initialized, skipping
Refreshing native plugins compatible for Editor in 0.46 ms, found 3 plugins.
Preloading 0 native plugins for Editor in 0.00 ms.
Unloading 2234 Unused Serialized files (Serialized files now loaded: 0)
System memory in use before: 101.7 MB.
System memory in use after: 101.9 MB.

Unloading 17 unused Assets to reduce memory usage. Loaded Objects now: 2857.
Total: 2.119100 ms (FindLiveObjects: 0.264000 ms CreateObjectMapping: 0.111500 ms MarkObjects: 1.722900 ms  DeleteObjects: 0.019500 ms)

========================================================================
Received Prepare
Registering precompiled user dll's ...
Registered in 0.003910 seconds.
Begin MonoManager ReloadAssembly
Native extension for WindowsStandalone target not found
Refreshing native plugins compatible for Editor in 0.46 ms, found 3 plugins.
Preloading 0 native plugins for Editor in 0.00 ms.
Invoked RoslynAnalysisRunner static constructor.
RoslynAnalysisRunner will not be running.
RoslynAnalysisRunner has terminated.
Mono: successfully reloaded assembly
- Completed reload, in  0.918 seconds
Platform modules already initialized, skipping
Refreshing native plugins compatible for Editor in 0.45 ms, found 3 plugins.
Preloading 0 native plugins for Editor in 0.00 ms.
Unloading 2234 Unused Serialized files (Serialized files now loaded: 0)
System memory in use before: 101.7 MB.
System memory in use after: 101.9 MB.

Unloading 17 unused Assets to reduce memory usage. Loaded Objects now: 2861.
Total: 2.121600 ms (FindLiveObjects: 0.250300 ms CreateObjectMapping: 0.106600 ms MarkObjects: 1.744600 ms  DeleteObjects: 0.019300 ms)

========================================================================
Received Prepare
Registering precompiled user dll's ...
Registered in 0.003750 seconds.
Begin MonoManager ReloadAssembly
Native extension for WindowsStandalone target not found
Refreshing native plugins compatible for Editor in 0.45 ms, found 3 plugins.
Preloading 0 native plugins for Editor in 0.00 ms.
Invoked RoslynAnalysisRunner static constructor.
RoslynAnalysisRunner will not be running.
RoslynAnalysisRunner has terminated.
Mono: successfully reloaded assembly
- Completed reload, in  0.917 seconds
Platform modules already initialized, skipping
Refreshing native plugins compatible for Editor in 0.46 ms, found 3 plugins.
Preloading 0 native plugins for Editor in 0.00 ms.
Unloading 2234 Unused Serialized files (Serialized files now loaded: 0)
System memory in use before: 101.6 MB.
System memory in use after: 101.9 MB.

Unloading 17 unused Assets to reduce memory usage. Loaded Objects now: 2865.
Total: 2.165600 ms (FindLiveObjects: 0.304600 ms CreateObjectMapping: 0.132800 ms MarkObjects: 1.709600 ms  DeleteObjects: 0.017800 ms)

========================================================================
Received Prepare
Registering precompiled user dll's ...
Registered in 0.003688 seconds.
Begin MonoManager ReloadAssembly
Native extension for WindowsStandalone target not found
Refreshing native plugins compatible for Editor in 0.46 ms, found 3 plugins.
Preloading 0 native plugins for Editor in 0.00 ms.
Invoked RoslynAnalysisRunner static constructor.
RoslynAnalysisRunner will not be running.
RoslynAnalysisRunner has terminated.
Mono: successfully reloaded assembly
- Completed reload, in  0.916 seconds
Platform modules already initialized, skipping
Refreshing native plugins compatible for Editor in 0.53 ms, found 3 plugins.
Preloading 0 native plugins for Editor in 0.00 ms.
Unloading 2234 Unused Serialized files (Serialized files now loaded: 0)
System memory in use before: 101.7 MB.
System memory in use after: 102.0 MB.

Unloading 17 unused Assets to reduce memory usage. Loaded Objects now: 2869.
Total: 2.027500 ms (FindLiveObjects: 0.224100 ms CreateObjectMapping: 0.093800 ms MarkObjects: 1.687500 ms  DeleteObjects: 0.021100 ms)

========================================================================
Received Prepare
Registering precompiled user dll's ...
Registered in 0.003701 seconds.
Begin MonoManager ReloadAssembly
Native extension for WindowsStandalone target not found
Refreshing native plugins compatible for Editor in 0.48 ms, found 3 plugins.
Preloading 0 native plugins for Editor in 0.00 ms.
Invoked RoslynAnalysisRunner static constructor.
RoslynAnalysisRunner will not be running.
RoslynAnalysisRunner has terminated.
Mono: successfully reloaded assembly
- Completed reload, in  0.916 seconds
Platform modules already initialized, skipping
Refreshing native plugins compatible for Editor in 0.45 ms, found 3 plugins.
Preloading 0 native plugins for Editor in 0.00 ms.
Unloading 2234 Unused Serialized files (Serialized files now loaded: 0)
System memory in use before: 101.8 MB.
System memory in use after: 102.0 MB.

Unloading 17 unused Assets to reduce memory usage. Loaded Objects now: 2873.
Total: 2.146200 ms (FindLiveObjects: 0.336600 ms CreateObjectMapping: 0.095600 ms MarkObjects: 1.697200 ms  DeleteObjects: 0.016000 ms)

AssetImportWorkerClient::OnTransportError - code=2 error=End of file
